<?xml version="1.0" encoding="UTF-8"?>
<testsuite name="tourGuide.TestPerformance" tests="2" skipped="0" failures="0" errors="0" timestamp="2022-07-13T08:15:40" hostname="DESKTOP-LLPVODE" time="59.28">
  <properties/>
  <testcase name="highVolumeTrackLocation" classname="tourGuide.TestPerformance" time="8.884"/>
  <testcase name="highVolumeGetRewards" classname="tourGuide.TestPerformance" time="50.396"/>
  <system-out><![CDATA[10:15:40.895 [Test worker] INFO tourGuide.service.TourGuideService - TestMode enabled
10:15:40.910 [Test worker] DEBUG tourGuide.service.TourGuideService - Initializing users
10:15:41.164 [Test worker] DEBUG tourGuide.service.TourGuideService - Created 100 internal test users.
10:15:41.164 [Test worker] DEBUG tourGuide.service.TourGuideService - Finished initializing users
Début boucle
10:15:41.196 [pool-1-thread-1] DEBUG tourGuide.tracker.Tracker - Begin Tracker. Tracking 100 users.
10:15:41.244 [pool-1-thread-1] DEBUG tourGuide.service.TourGuideService - Begin Tracker. #1 Tracking USER internalUser78
10:15:41.244 [pool-1-thread-1] DEBUG tourGuide.service.TourGuideService - Begin Tracker. #2 Tracking USER internalUser78 latitutde -60.99788 longitude 86.648532
10:15:41.259 [pool-1-thread-1] DEBUG tourGuide.service.RewardsService - Begin Tracker. #3.1.0 Tracking USER internalUser78
10:15:41.259 [pool-1-thread-1] DEBUG tourGuide.service.RewardsService - Begin Tracker. #3.1.1 Tracking USER internalUser78 latitutde -48.47729582725916 longitude 72.95706499227705
10:15:41.275 [pool-1-thread-1] DEBUG tourGuide.service.RewardsService - Begin Tracker. #3.1.2 Tracking USER internalUser78
10:15:41.275 [pool-1-thread-1] DEBUG tourGuide.service.RewardsService - Begin Tracker. #3.1.1 Tracking USER internalUser78 latitutde 82.53015289302269 longitude 45.726980551565816
10:15:41.275 [pool-1-thread-1] DEBUG tourGuide.service.RewardsService - Begin Tracker. #3.1.2 Tracking USER internalUser78
10:15:41.275 [pool-1-thread-1] DEBUG tourGuide.service.RewardsService - Begin Tracker. #3.1.1 Tracking USER internalUser78 latitutde -24.5159943580138 longitude -96.80131385649702
10:15:41.275 [pool-1-thread-1] DEBUG tourGuide.service.RewardsService - Begin Tracker. #3.1.2 Tracking USER internalUser78
10:15:41.291 [pool-1-thread-1] DEBUG tourGuide.service.RewardsService - Begin Tracker. #3.1.1 Tracking USER internalUser78 latitutde -60.99788 longitude 86.648532
10:15:41.291 [pool-1-thread-1] DEBUG tourGuide.service.RewardsService - Begin Tracker. #3.1.2 Tracking USER internalUser78
10:15:41.291 [pool-1-thread-1] DEBUG tourGuide.service.RewardsService - Begin Tracker. #3.2 Tracking USER internalUser78
10:15:41.306 [pool-1-thread-1] DEBUG tourGuide.service.TourGuideService - Begin Tracker. #4 Tracking USER internalUser78
10:15:41.313 [Test worker] DEBUG tourGuide.service.TourGuideService - Begin Tracker. #1 Tracking USER internalUser78
10:15:41.318 [Test worker] DEBUG tourGuide.service.TourGuideService - Begin Tracker. #2 Tracking USER internalUser78 latitutde -53.475034 longitude 74.016595
10:15:41.334 [Test worker] DEBUG tourGuide.service.RewardsService - Begin Tracker. #3.1.0 Tracking USER internalUser78
10:15:41.336 [Test worker] DEBUG tourGuide.service.RewardsService - Begin Tracker. #3.1.1 Tracking USER internalUser78 latitutde -48.47729582725916 longitude 72.95706499227705
10:15:41.337 [Test worker] DEBUG tourGuide.service.RewardsService - Begin Tracker. #3.1.2 Tracking USER internalUser78
10:15:41.339 [Test worker] DEBUG tourGuide.service.RewardsService - Begin Tracker. #3.1.1 Tracking USER internalUser78 latitutde 82.53015289302269 longitude 45.726980551565816
10:15:41.340 [Test worker] DEBUG tourGuide.service.RewardsService - Begin Tracker. #3.1.2 Tracking USER internalUser78
10:15:41.341 [Test worker] DEBUG tourGuide.service.RewardsService - Begin Tracker. #3.1.1 Tracking USER internalUser78 latitutde -24.5159943580138 longitude -96.80131385649702
10:15:41.343 [Test worker] DEBUG tourGuide.service.RewardsService - Begin Tracker. #3.1.2 Tracking USER internalUser78
10:15:41.344 [Test worker] DEBUG tourGuide.service.RewardsService - Begin Tracker. #3.1.1 Tracking USER internalUser78 latitutde -60.99788 longitude 86.648532
10:15:41.345 [Test worker] DEBUG tourGuide.service.RewardsService - Begin Tracker. #3.1.2 Tracking USER internalUser78
10:15:41.345 [Test worker] DEBUG tourGuide.service.RewardsService - Begin Tracker. #3.1.1 Tracking USER internalUser78 latitutde -53.475034 longitude 74.016595
10:15:41.346 [Test worker] DEBUG tourGuide.service.RewardsService - Begin Tracker. #3.1.2 Tracking USER internalUser78
10:15:41.347 [Test worker] DEBUG tourGuide.service.RewardsService - Begin Tracker. #3.2 Tracking USER internalUser78
10:15:41.348 [Test worker] DEBUG tourGuide.service.TourGuideService - Begin Tracker. #4 Tracking USER internalUser78
10:15:41.360 [pool-1-thread-1] DEBUG tourGuide.service.TourGuideService - Begin Tracker. #1 Tracking USER internalUser77
10:15:41.360 [pool-1-thread-1] DEBUG tourGuide.service.TourGuideService - Begin Tracker. #2 Tracking USER internalUser77 latitutde 43.008643 longitude 60.812035
10:15:41.371 [pool-1-thread-1] DEBUG tourGuide.service.RewardsService - Begin Tracker. #3.1.0 Tracking USER internalUser77
10:15:41.372 [pool-1-thread-1] DEBUG tourGuide.service.RewardsService - Begin Tracker. #3.1.1 Tracking USER internalUser77 latitutde -39.511541714141416 longitude -98.27511477835851
10:15:41.377 [pool-1-thread-1] DEBUG tourGuide.service.RewardsService - Begin Tracker. #3.1.2 Tracking USER internalUser77
10:15:41.377 [pool-1-thread-1] DEBUG tourGuide.service.RewardsService - Begin Tracker. #3.1.1 Tracking USER internalUser77 latitutde 74.33373397093715 longitude -125.94283037165141
10:15:41.383 [pool-1-thread-1] DEBUG tourGuide.service.RewardsService - Begin Tracker. #3.1.2 Tracking USER internalUser77
10:15:41.383 [pool-1-thread-1] DEBUG tourGuide.service.RewardsService - Begin Tracker. #3.1.1 Tracking USER internalUser77 latitutde 6.223493121931938 longitude 36.32352289562067
10:15:41.385 [pool-1-thread-1] DEBUG tourGuide.service.RewardsService - Begin Tracker. #3.1.2 Tracking USER internalUser77
10:15:41.385 [pool-1-thread-1] DEBUG tourGuide.service.RewardsService - Begin Tracker. #3.1.1 Tracking USER internalUser77 latitutde 43.008643 longitude 60.812035
10:15:41.391 [pool-1-thread-1] DEBUG tourGuide.service.RewardsService - Begin Tracker. #3.1.2 Tracking USER internalUser77
10:15:41.393 [pool-1-thread-1] DEBUG tourGuide.service.RewardsService - Begin Tracker. #3.2 Tracking USER internalUser77
10:15:41.393 [pool-1-thread-1] DEBUG tourGuide.service.TourGuideService - Begin Tracker. #4 Tracking USER internalUser77
10:15:41.411 [Test worker] DEBUG tourGuide.service.TourGuideService - Begin Tracker. #1 Tracking USER internalUser77
10:15:41.411 [Test worker] DEBUG tourGuide.service.TourGuideService - Begin Tracker. #2 Tracking USER internalUser77 latitutde 33.495703 longitude -149.530668
10:15:41.432 [Test worker] DEBUG tourGuide.service.RewardsService - Begin Tracker. #3.1.0 Tracking USER internalUser77
10:15:41.432 [Test worker] DEBUG tourGuide.service.RewardsService - Begin Tracker. #3.1.1 Tracking USER internalUser77 latitutde -39.511541714141416 longitude -98.27511477835851
10:15:41.433 [Test worker] DEBUG tourGuide.service.RewardsService - Begin Tracker. #3.1.2 Tracking USER internalUser77
10:15:41.434 [Test worker] DEBUG tourGuide.service.RewardsService - Begin Tracker. #3.1.1 Tracking USER internalUser77 latitutde 74.33373397093715 longitude -125.94283037165141
10:15:41.438 [Test worker] DEBUG tourGuide.service.RewardsService - Begin Tracker. #3.1.2 Tracking USER internalUser77
10:15:41.441 [Test worker] DEBUG tourGuide.service.RewardsService - Begin Tracker. #3.1.1 Tracking USER internalUser77 latitutde 6.223493121931938 longitude 36.32352289562067
10:15:41.447 [Test worker] DEBUG tourGuide.service.RewardsService - Begin Tracker. #3.1.2 Tracking USER internalUser77
10:15:41.448 [Test worker] DEBUG tourGuide.service.RewardsService - Begin Tracker. #3.1.1 Tracking USER internalUser77 latitutde 43.008643 longitude 60.812035
10:15:41.450 [Test worker] DEBUG tourGuide.service.RewardsService - Begin Tracker. #3.1.2 Tracking USER internalUser77
10:15:41.451 [Test worker] DEBUG tourGuide.service.RewardsService - Begin Tracker. #3.1.1 Tracking USER internalUser77 latitutde 33.495703 longitude -149.530668
10:15:41.453 [Test worker] DEBUG tourGuide.service.RewardsService - Begin Tracker. #3.1.2 Tracking USER internalUser77
10:15:41.453 [Test worker] DEBUG tourGuide.service.RewardsService - Begin Tracker. #3.2 Tracking USER internalUser77
10:15:41.454 [Test worker] DEBUG tourGuide.service.TourGuideService - Begin Tracker. #4 Tracking USER internalUser77
10:15:41.455 [pool-1-thread-1] DEBUG tourGuide.service.TourGuideService - Begin Tracker. #1 Tracking USER internalUser79
10:15:41.456 [pool-1-thread-1] DEBUG tourGuide.service.TourGuideService - Begin Tracker. #2 Tracking USER internalUser79 latitutde 14.227574 longitude 134.691156
10:15:41.469 [pool-1-thread-1] DEBUG tourGuide.service.RewardsService - Begin Tracker. #3.1.0 Tracking USER internalUser79
10:15:41.472 [pool-1-thread-1] DEBUG tourGuide.service.RewardsService - Begin Tracker. #3.1.1 Tracking USER internalUser79 latitutde -7.308022712966263 longitude 9.083886485648009
10:15:41.472 [pool-1-thread-1] DEBUG tourGuide.service.RewardsService - Begin Tracker. #3.1.2 Tracking USER internalUser79
10:15:41.472 [pool-1-thread-1] DEBUG tourGuide.service.RewardsService - Begin Tracker. #3.1.1 Tracking USER internalUser79 latitutde -55.42704513200769 longitude 110.7494353909716
10:15:41.482 [pool-1-thread-1] DEBUG tourGuide.service.RewardsService - Begin Tracker. #3.1.2 Tracking USER internalUser79
10:15:41.482 [pool-1-thread-1] DEBUG tourGuide.service.RewardsService - Begin Tracker. #3.1.1 Tracking USER internalUser79 latitutde 78.8681219265329 longitude 41.158796978945475
10:15:41.483 [pool-1-thread-1] DEBUG tourGuide.service.RewardsService - Begin Tracker. #3.1.2 Tracking USER internalUser79
10:15:41.483 [pool-1-thread-1] DEBUG tourGuide.service.RewardsService - Begin Tracker. #3.1.1 Tracking USER internalUser79 latitutde 14.227574 longitude 134.691156
10:15:41.483 [pool-1-thread-1] DEBUG tourGuide.service.RewardsService - Begin Tracker. #3.1.2 Tracking USER internalUser79
10:15:41.483 [pool-1-thread-1] DEBUG tourGuide.service.RewardsService - Begin Tracker. #3.2 Tracking USER internalUser79
10:15:41.483 [pool-1-thread-1] DEBUG tourGuide.service.TourGuideService - Begin Tracker. #4 Tracking USER internalUser79
10:15:41.525 [pool-1-thread-1] DEBUG tourGuide.service.TourGuideService - Begin Tracker. #1 Tracking USER internalUser74
10:15:41.525 [pool-1-thread-1] DEBUG tourGuide.service.TourGuideService - Begin Tracker. #2 Tracking USER internalUser74 latitutde -11.582855 longitude 105.856062
10:15:41.528 [Test worker] DEBUG tourGuide.service.TourGuideService - Begin Tracker. #1 Tracking USER internalUser79
10:15:41.529 [Test worker] DEBUG tourGuide.service.TourGuideService - Begin Tracker. #2 Tracking USER internalUser79 latitutde -9.58732 longitude -2.364362
10:15:41.543 [pool-1-thread-1] DEBUG tourGuide.service.RewardsService - Begin Tracker. #3.1.0 Tracking USER internalUser74
10:15:41.544 [pool-1-thread-1] DEBUG tourGuide.service.RewardsService - Begin Tracker. #3.1.1 Tracking USER internalUser74 latitutde -52.58130753685906 longitude 86.27439036544962
10:15:41.546 [pool-1-thread-1] DEBUG tourGuide.service.RewardsService - Begin Tracker. #3.1.2 Tracking USER internalUser74
10:15:41.547 [pool-1-thread-1] DEBUG tourGuide.service.RewardsService - Begin Tracker. #3.1.1 Tracking USER internalUser74 latitutde -42.16531490531983 longitude -34.6152310718638
10:15:41.547 [pool-1-thread-1] DEBUG tourGuide.service.RewardsService - Begin Tracker. #3.1.2 Tracking USER internalUser74
10:15:41.547 [pool-1-thread-1] DEBUG tourGuide.service.RewardsService - Begin Tracker. #3.1.1 Tracking USER internalUser74 latitutde -10.751547865520209 longitude -178.01507287424272
10:15:41.547 [pool-1-thread-1] DEBUG tourGuide.service.RewardsService - Begin Tracker. #3.1.2 Tracking USER internalUser74
10:15:41.548 [pool-1-thread-1] DEBUG tourGuide.service.RewardsService - Begin Tracker. #3.1.1 Tracking USER internalUser74 latitutde -11.582855 longitude 105.856062
10:15:41.548 [pool-1-thread-1] DEBUG tourGuide.service.RewardsService - Begin Tracker. #3.1.2 Tracking USER internalUser74
10:15:41.548 [pool-1-thread-1] DEBUG tourGuide.service.RewardsService - Begin Tracker. #3.2 Tracking USER internalUser74
10:15:41.548 [pool-1-thread-1] DEBUG tourGuide.service.TourGuideService - Begin Tracker. #4 Tracking USER internalUser74
10:15:41.552 [Test worker] DEBUG tourGuide.service.RewardsService - Begin Tracker. #3.1.0 Tracking USER internalUser79
10:15:41.553 [Test worker] DEBUG tourGuide.service.RewardsService - Begin Tracker. #3.1.1 Tracking USER internalUser79 latitutde -7.308022712966263 longitude 9.083886485648009
10:15:41.553 [Test worker] DEBUG tourGuide.service.RewardsService - Begin Tracker. #3.1.2 Tracking USER internalUser79
10:15:41.553 [Test worker] DEBUG tourGuide.service.RewardsService - Begin Tracker. #3.1.1 Tracking USER internalUser79 latitutde -55.42704513200769 longitude 110.7494353909716
10:15:41.553 [Test worker] DEBUG tourGuide.service.RewardsService - Begin Tracker. #3.1.2 Tracking USER internalUser79
10:15:41.553 [Test worker] DEBUG tourGuide.service.RewardsService - Begin Tracker. #3.1.1 Tracking USER internalUser79 latitutde 78.8681219265329 longitude 41.158796978945475
10:15:41.554 [Test worker] DEBUG tourGuide.service.RewardsService - Begin Tracker. #3.1.2 Tracking USER internalUser79
10:15:41.554 [Test worker] DEBUG tourGuide.service.RewardsService - Begin Tracker. #3.1.1 Tracking USER internalUser79 latitutde 14.227574 longitude 134.691156
10:15:41.554 [Test worker] DEBUG tourGuide.service.RewardsService - Begin Tracker. #3.1.2 Tracking USER internalUser79
10:15:41.554 [Test worker] DEBUG tourGuide.service.RewardsService - Begin Tracker. #3.1.1 Tracking USER internalUser79 latitutde -9.58732 longitude -2.364362
10:15:41.554 [Test worker] DEBUG tourGuide.service.RewardsService - Begin Tracker. #3.1.2 Tracking USER internalUser79
10:15:41.554 [Test worker] DEBUG tourGuide.service.RewardsService - Begin Tracker. #3.2 Tracking USER internalUser79
10:15:41.554 [Test worker] DEBUG tourGuide.service.TourGuideService - Begin Tracker. #4 Tracking USER internalUser79
10:15:41.593 [Test worker] DEBUG tourGuide.service.TourGuideService - Begin Tracker. #1 Tracking USER internalUser74
10:15:41.594 [Test worker] DEBUG tourGuide.service.TourGuideService - Begin Tracker. #2 Tracking USER internalUser74 latitutde 77.068537 longitude -147.824968
10:15:41.605 [Test worker] DEBUG tourGuide.service.RewardsService - Begin Tracker. #3.1.0 Tracking USER internalUser74
10:15:41.605 [Test worker] DEBUG tourGuide.service.RewardsService - Begin Tracker. #3.1.1 Tracking USER internalUser74 latitutde -52.58130753685906 longitude 86.27439036544962
10:15:41.607 [Test worker] DEBUG tourGuide.service.RewardsService - Begin Tracker. #3.1.2 Tracking USER internalUser74
10:15:41.608 [Test worker] DEBUG tourGuide.service.RewardsService - Begin Tracker. #3.1.1 Tracking USER internalUser74 latitutde -42.16531490531983 longitude -34.6152310718638
10:15:41.612 [Test worker] DEBUG tourGuide.service.RewardsService - Begin Tracker. #3.1.2 Tracking USER internalUser74
10:15:41.614 [Test worker] DEBUG tourGuide.service.RewardsService - Begin Tracker. #3.1.1 Tracking USER internalUser74 latitutde -10.751547865520209 longitude -178.01507287424272
10:15:41.616 [Test worker] DEBUG tourGuide.service.RewardsService - Begin Tracker. #3.1.2 Tracking USER internalUser74
10:15:41.617 [Test worker] DEBUG tourGuide.service.RewardsService - Begin Tracker. #3.1.1 Tracking USER internalUser74 latitutde -11.582855 longitude 105.856062
10:15:41.618 [Test worker] DEBUG tourGuide.service.RewardsService - Begin Tracker. #3.1.2 Tracking USER internalUser74
10:15:41.618 [Test worker] DEBUG tourGuide.service.RewardsService - Begin Tracker. #3.1.1 Tracking USER internalUser74 latitutde 77.068537 longitude -147.824968
10:15:41.619 [Test worker] DEBUG tourGuide.service.RewardsService - Begin Tracker. #3.1.2 Tracking USER internalUser74
10:15:41.620 [Test worker] DEBUG tourGuide.service.RewardsService - Begin Tracker. #3.2 Tracking USER internalUser74
10:15:41.620 [Test worker] DEBUG tourGuide.service.TourGuideService - Begin Tracker. #4 Tracking USER internalUser74
10:15:41.629 [pool-1-thread-1] DEBUG tourGuide.service.TourGuideService - Begin Tracker. #1 Tracking USER internalUser73
10:15:41.630 [pool-1-thread-1] DEBUG tourGuide.service.TourGuideService - Begin Tracker. #2 Tracking USER internalUser73 latitutde 64.786295 longitude -30.63687
10:15:41.640 [pool-1-thread-1] DEBUG tourGuide.service.RewardsService - Begin Tracker. #3.1.0 Tracking USER internalUser73
10:15:41.640 [pool-1-thread-1] DEBUG tourGuide.service.RewardsService - Begin Tracker. #3.1.1 Tracking USER internalUser73 latitutde 78.46661631872928 longitude -178.82097349934153
10:15:41.645 [pool-1-thread-1] DEBUG tourGuide.service.RewardsService - Begin Tracker. #3.1.2 Tracking USER internalUser73
10:15:41.647 [pool-1-thread-1] DEBUG tourGuide.service.RewardsService - Begin Tracker. #3.1.1 Tracking USER internalUser73 latitutde 40.265800132308726 longitude -100.6829085651639
10:15:41.648 [pool-1-thread-1] DEBUG tourGuide.service.RewardsService - Begin Tracker. #3.1.2 Tracking USER internalUser73
10:15:41.650 [pool-1-thread-1] DEBUG tourGuide.service.RewardsService - Begin Tracker. #3.1.1 Tracking USER internalUser73 latitutde 27.33017897458069 longitude -98.91608750808255
10:15:41.651 [pool-1-thread-1] DEBUG tourGuide.service.RewardsService - Begin Tracker. #3.1.2 Tracking USER internalUser73
10:15:41.651 [pool-1-thread-1] DEBUG tourGuide.service.RewardsService - Begin Tracker. #3.1.1 Tracking USER internalUser73 latitutde 64.786295 longitude -30.63687
10:15:41.653 [pool-1-thread-1] DEBUG tourGuide.service.RewardsService - Begin Tracker. #3.1.2 Tracking USER internalUser73
10:15:41.653 [pool-1-thread-1] DEBUG tourGuide.service.RewardsService - Begin Tracker. #3.2 Tracking USER internalUser73
10:15:41.654 [pool-1-thread-1] DEBUG tourGuide.service.TourGuideService - Begin Tracker. #4 Tracking USER internalUser73
10:15:41.665 [Test worker] DEBUG tourGuide.service.TourGuideService - Begin Tracker. #1 Tracking USER internalUser73
10:15:41.665 [Test worker] DEBUG tourGuide.service.TourGuideService - Begin Tracker. #2 Tracking USER internalUser73 latitutde 28.703663 longitude -47.70263
10:15:41.686 [Test worker] DEBUG tourGuide.service.RewardsService - Begin Tracker. #3.1.0 Tracking USER internalUser73
10:15:41.686 [Test worker] DEBUG tourGuide.service.RewardsService - Begin Tracker. #3.1.1 Tracking USER internalUser73 latitutde 78.46661631872928 longitude -178.82097349934153
10:15:41.686 [Test worker] DEBUG tourGuide.service.RewardsService - Begin Tracker. #3.1.2 Tracking USER internalUser73
10:15:41.687 [Test worker] DEBUG tourGuide.service.RewardsService - Begin Tracker. #3.1.1 Tracking USER internalUser73 latitutde 40.265800132308726 longitude -100.6829085651639
10:15:41.688 [Test worker] DEBUG tourGuide.service.RewardsService - Begin Tracker. #3.1.2 Tracking USER internalUser73
10:15:41.696 [Test worker] DEBUG tourGuide.service.RewardsService - Begin Tracker. #3.1.1 Tracking USER internalUser73 latitutde 27.33017897458069 longitude -98.91608750808255
10:15:41.697 [Test worker] DEBUG tourGuide.service.RewardsService - Begin Tracker. #3.1.2 Tracking USER internalUser73
10:15:41.697 [Test worker] DEBUG tourGuide.service.RewardsService - Begin Tracker. #3.1.1 Tracking USER internalUser73 latitutde 64.786295 longitude -30.63687
10:15:41.697 [Test worker] DEBUG tourGuide.service.RewardsService - Begin Tracker. #3.1.2 Tracking USER internalUser73
10:15:41.699 [Test worker] DEBUG tourGuide.service.RewardsService - Begin Tracker. #3.1.1 Tracking USER internalUser73 latitutde 28.703663 longitude -47.70263
10:15:41.699 [Test worker] DEBUG tourGuide.service.RewardsService - Begin Tracker. #3.1.2 Tracking USER internalUser73
10:15:41.699 [Test worker] DEBUG tourGuide.service.RewardsService - Begin Tracker. #3.2 Tracking USER internalUser73
10:15:41.700 [Test worker] DEBUG tourGuide.service.TourGuideService - Begin Tracker. #4 Tracking USER internalUser73
10:15:41.735 [pool-1-thread-1] DEBUG tourGuide.service.TourGuideService - Begin Tracker. #1 Tracking USER internalUser76
10:15:41.735 [pool-1-thread-1] DEBUG tourGuide.service.TourGuideService - Begin Tracker. #2 Tracking USER internalUser76 latitutde 20.008057 longitude -171.478088
10:15:41.749 [pool-1-thread-1] DEBUG tourGuide.service.RewardsService - Begin Tracker. #3.1.0 Tracking USER internalUser76
10:15:41.750 [pool-1-thread-1] DEBUG tourGuide.service.RewardsService - Begin Tracker. #3.1.1 Tracking USER internalUser76 latitutde 83.48918363306424 longitude 30.552240054937414
10:15:41.751 [pool-1-thread-1] DEBUG tourGuide.service.RewardsService - Begin Tracker. #3.1.2 Tracking USER internalUser76
10:15:41.752 [pool-1-thread-1] DEBUG tourGuide.service.RewardsService - Begin Tracker. #3.1.1 Tracking USER internalUser76 latitutde 48.34177500075455 longitude 120.78887481286864
10:15:41.752 [pool-1-thread-1] DEBUG tourGuide.service.RewardsService - Begin Tracker. #3.1.2 Tracking USER internalUser76
10:15:41.752 [pool-1-thread-1] DEBUG tourGuide.service.RewardsService - Begin Tracker. #3.1.1 Tracking USER internalUser76 latitutde 9.131219702515182 longitude 20.406052323192682
10:15:41.752 [pool-1-thread-1] DEBUG tourGuide.service.RewardsService - Begin Tracker. #3.1.2 Tracking USER internalUser76
10:15:41.753 [pool-1-thread-1] DEBUG tourGuide.service.RewardsService - Begin Tracker. #3.1.1 Tracking USER internalUser76 latitutde 20.008057 longitude -171.478088
10:15:41.753 [pool-1-thread-1] DEBUG tourGuide.service.RewardsService - Begin Tracker. #3.1.2 Tracking USER internalUser76
10:15:41.753 [pool-1-thread-1] DEBUG tourGuide.service.RewardsService - Begin Tracker. #3.2 Tracking USER internalUser76
10:15:41.753 [pool-1-thread-1] DEBUG tourGuide.service.TourGuideService - Begin Tracker. #4 Tracking USER internalUser76
10:15:41.764 [Test worker] DEBUG tourGuide.service.TourGuideService - Begin Tracker. #1 Tracking USER internalUser76
10:15:41.764 [Test worker] DEBUG tourGuide.service.TourGuideService - Begin Tracker. #2 Tracking USER internalUser76 latitutde -26.656993 longitude 28.009652
10:15:41.780 [Test worker] DEBUG tourGuide.service.RewardsService - Begin Tracker. #3.1.0 Tracking USER internalUser76
10:15:41.780 [Test worker] DEBUG tourGuide.service.RewardsService - Begin Tracker. #3.1.1 Tracking USER internalUser76 latitutde 83.48918363306424 longitude 30.552240054937414
10:15:41.780 [Test worker] DEBUG tourGuide.service.RewardsService - Begin Tracker. #3.1.2 Tracking USER internalUser76
10:15:41.780 [Test worker] DEBUG tourGuide.service.RewardsService - Begin Tracker. #3.1.1 Tracking USER internalUser76 latitutde 48.34177500075455 longitude 120.78887481286864
10:15:41.781 [Test worker] DEBUG tourGuide.service.RewardsService - Begin Tracker. #3.1.2 Tracking USER internalUser76
10:15:41.781 [Test worker] DEBUG tourGuide.service.RewardsService - Begin Tracker. #3.1.1 Tracking USER internalUser76 latitutde 9.131219702515182 longitude 20.406052323192682
10:15:41.782 [Test worker] DEBUG tourGuide.service.RewardsService - Begin Tracker. #3.1.2 Tracking USER internalUser76
10:15:41.782 [Test worker] DEBUG tourGuide.service.RewardsService - Begin Tracker. #3.1.1 Tracking USER internalUser76 latitutde 20.008057 longitude -171.478088
10:15:41.783 [Test worker] DEBUG tourGuide.service.RewardsService - Begin Tracker. #3.1.2 Tracking USER internalUser76
10:15:41.784 [Test worker] DEBUG tourGuide.service.RewardsService - Begin Tracker. #3.1.1 Tracking USER internalUser76 latitutde -26.656993 longitude 28.009652
10:15:41.784 [Test worker] DEBUG tourGuide.service.RewardsService - Begin Tracker. #3.1.2 Tracking USER internalUser76
10:15:41.790 [Test worker] DEBUG tourGuide.service.RewardsService - Begin Tracker. #3.2 Tracking USER internalUser76
10:15:41.791 [Test worker] DEBUG tourGuide.service.TourGuideService - Begin Tracker. #4 Tracking USER internalUser76
10:15:41.827 [pool-1-thread-1] DEBUG tourGuide.service.TourGuideService - Begin Tracker. #1 Tracking USER internalUser75
10:15:41.828 [pool-1-thread-1] DEBUG tourGuide.service.TourGuideService - Begin Tracker. #2 Tracking USER internalUser75 latitutde 18.620598 longitude -175.676674
10:15:41.839 [pool-1-thread-1] DEBUG tourGuide.service.RewardsService - Begin Tracker. #3.1.0 Tracking USER internalUser75
10:15:41.839 [pool-1-thread-1] DEBUG tourGuide.service.RewardsService - Begin Tracker. #3.1.1 Tracking USER internalUser75 latitutde 49.91284644606807 longitude -23.18889588914115
10:15:41.840 [pool-1-thread-1] DEBUG tourGuide.service.RewardsService - Begin Tracker. #3.1.2 Tracking USER internalUser75
10:15:41.840 [pool-1-thread-1] DEBUG tourGuide.service.RewardsService - Begin Tracker. #3.1.1 Tracking USER internalUser75 latitutde 41.45416373468568 longitude -83.66459004264
10:15:41.841 [pool-1-thread-1] DEBUG tourGuide.service.RewardsService - Begin Tracker. #3.1.2 Tracking USER internalUser75
10:15:41.843 [pool-1-thread-1] DEBUG tourGuide.service.RewardsService - Begin Tracker. #3.1.1 Tracking USER internalUser75 latitutde -0.05959581303534378 longitude -77.72264491137712
10:15:41.845 [pool-1-thread-1] DEBUG tourGuide.service.RewardsService - Begin Tracker. #3.1.2 Tracking USER internalUser75
10:15:41.849 [pool-1-thread-1] DEBUG tourGuide.service.RewardsService - Begin Tracker. #3.1.1 Tracking USER internalUser75 latitutde 18.620598 longitude -175.676674
10:15:41.851 [pool-1-thread-1] DEBUG tourGuide.service.RewardsService - Begin Tracker. #3.1.2 Tracking USER internalUser75
10:15:41.853 [pool-1-thread-1] DEBUG tourGuide.service.RewardsService - Begin Tracker. #3.2 Tracking USER internalUser75
10:15:41.857 [pool-1-thread-1] DEBUG tourGuide.service.TourGuideService - Begin Tracker. #4 Tracking USER internalUser75
10:15:41.879 [Test worker] DEBUG tourGuide.service.TourGuideService - Begin Tracker. #1 Tracking USER internalUser75
10:15:41.883 [Test worker] DEBUG tourGuide.service.TourGuideService - Begin Tracker. #2 Tracking USER internalUser75 latitutde -20.189088 longitude 37.235902
10:15:41.893 [Test worker] DEBUG tourGuide.service.RewardsService - Begin Tracker. #3.1.0 Tracking USER internalUser75
10:15:41.896 [Test worker] DEBUG tourGuide.service.RewardsService - Begin Tracker. #3.1.1 Tracking USER internalUser75 latitutde 49.91284644606807 longitude -23.18889588914115
10:15:41.897 [Test worker] DEBUG tourGuide.service.RewardsService - Begin Tracker. #3.1.2 Tracking USER internalUser75
10:15:41.900 [Test worker] DEBUG tourGuide.service.RewardsService - Begin Tracker. #3.1.1 Tracking USER internalUser75 latitutde 41.45416373468568 longitude -83.66459004264
10:15:41.904 [Test worker] DEBUG tourGuide.service.RewardsService - Begin Tracker. #3.1.2 Tracking USER internalUser75
10:15:41.907 [Test worker] DEBUG tourGuide.service.RewardsService - Begin Tracker. #3.1.1 Tracking USER internalUser75 latitutde -0.05959581303534378 longitude -77.72264491137712
10:15:41.907 [Test worker] DEBUG tourGuide.service.RewardsService - Begin Tracker. #3.1.2 Tracking USER internalUser75
10:15:41.909 [Test worker] DEBUG tourGuide.service.RewardsService - Begin Tracker. #3.1.1 Tracking USER internalUser75 latitutde 18.620598 longitude -175.676674
10:15:41.910 [Test worker] DEBUG tourGuide.service.RewardsService - Begin Tracker. #3.1.2 Tracking USER internalUser75
10:15:41.910 [Test worker] DEBUG tourGuide.service.RewardsService - Begin Tracker. #3.1.1 Tracking USER internalUser75 latitutde -20.189088 longitude 37.235902
10:15:41.911 [Test worker] DEBUG tourGuide.service.RewardsService - Begin Tracker. #3.1.2 Tracking USER internalUser75
10:15:41.912 [Test worker] DEBUG tourGuide.service.RewardsService - Begin Tracker. #3.2 Tracking USER internalUser75
10:15:41.913 [Test worker] DEBUG tourGuide.service.TourGuideService - Begin Tracker. #4 Tracking USER internalUser75
10:15:41.940 [pool-1-thread-1] DEBUG tourGuide.service.TourGuideService - Begin Tracker. #1 Tracking USER internalUser70
10:15:41.940 [pool-1-thread-1] DEBUG tourGuide.service.TourGuideService - Begin Tracker. #2 Tracking USER internalUser70 latitutde 40.847479 longitude -41.707145
10:15:41.946 [Test worker] DEBUG tourGuide.service.TourGuideService - Begin Tracker. #1 Tracking USER internalUser70
10:15:41.946 [Test worker] DEBUG tourGuide.service.TourGuideService - Begin Tracker. #2 Tracking USER internalUser70 latitutde 66.206213 longitude 54.054069
10:15:41.952 [pool-1-thread-1] DEBUG tourGuide.service.RewardsService - Begin Tracker. #3.1.0 Tracking USER internalUser70
10:15:41.952 [pool-1-thread-1] DEBUG tourGuide.service.RewardsService - Begin Tracker. #3.1.1 Tracking USER internalUser70 latitutde 49.22080151877208 longitude -165.4144619242445
10:15:41.954 [pool-1-thread-1] DEBUG tourGuide.service.RewardsService - Begin Tracker. #3.1.2 Tracking USER internalUser70
10:15:41.956 [pool-1-thread-1] DEBUG tourGuide.service.RewardsService - Begin Tracker. #3.1.1 Tracking USER internalUser70 latitutde 52.68924869674498 longitude -143.440066576851
10:15:41.956 [pool-1-thread-1] DEBUG tourGuide.service.RewardsService - Begin Tracker. #3.1.2 Tracking USER internalUser70
10:15:41.957 [pool-1-thread-1] DEBUG tourGuide.service.RewardsService - Begin Tracker. #3.1.1 Tracking USER internalUser70 latitutde -79.32372283877304 longitude 152.2777647096454
10:15:41.959 [pool-1-thread-1] DEBUG tourGuide.service.RewardsService - Begin Tracker. #3.1.2 Tracking USER internalUser70
10:15:41.960 [pool-1-thread-1] DEBUG tourGuide.service.RewardsService - Begin Tracker. #3.1.1 Tracking USER internalUser70 latitutde 40.847479 longitude -41.707145
10:15:41.960 [pool-1-thread-1] DEBUG tourGuide.service.RewardsService - Begin Tracker. #3.1.2 Tracking USER internalUser70
10:15:41.961 [pool-1-thread-1] DEBUG tourGuide.service.RewardsService - Begin Tracker. #3.1.1 Tracking USER internalUser70 latitutde 66.206213 longitude 54.054069
10:15:41.962 [pool-1-thread-1] DEBUG tourGuide.service.RewardsService - Begin Tracker. #3.1.2 Tracking USER internalUser70
10:15:41.963 [pool-1-thread-1] DEBUG tourGuide.service.RewardsService - Begin Tracker. #3.2 Tracking USER internalUser70
10:15:41.965 [pool-1-thread-1] DEBUG tourGuide.service.TourGuideService - Begin Tracker. #4 Tracking USER internalUser70
10:15:41.968 [Test worker] DEBUG tourGuide.service.RewardsService - Begin Tracker. #3.1.0 Tracking USER internalUser70
10:15:41.971 [Test worker] DEBUG tourGuide.service.RewardsService - Begin Tracker. #3.1.1 Tracking USER internalUser70 latitutde 49.22080151877208 longitude -165.4144619242445
10:15:41.971 [Test worker] DEBUG tourGuide.service.RewardsService - Begin Tracker. #3.1.2 Tracking USER internalUser70
10:15:41.972 [Test worker] DEBUG tourGuide.service.RewardsService - Begin Tracker. #3.1.1 Tracking USER internalUser70 latitutde 52.68924869674498 longitude -143.440066576851
10:15:41.972 [Test worker] DEBUG tourGuide.service.RewardsService - Begin Tracker. #3.1.2 Tracking USER internalUser70
10:15:41.972 [Test worker] DEBUG tourGuide.service.RewardsService - Begin Tracker. #3.1.1 Tracking USER internalUser70 latitutde -79.32372283877304 longitude 152.2777647096454
10:15:41.973 [Test worker] DEBUG tourGuide.service.RewardsService - Begin Tracker. #3.1.2 Tracking USER internalUser70
10:15:41.973 [Test worker] DEBUG tourGuide.service.RewardsService - Begin Tracker. #3.1.1 Tracking USER internalUser70 latitutde 40.847479 longitude -41.707145
10:15:41.973 [Test worker] DEBUG tourGuide.service.RewardsService - Begin Tracker. #3.1.2 Tracking USER internalUser70
10:15:41.973 [Test worker] DEBUG tourGuide.service.RewardsService - Begin Tracker. #3.1.1 Tracking USER internalUser70 latitutde 66.206213 longitude 54.054069
10:15:41.974 [Test worker] DEBUG tourGuide.service.RewardsService - Begin Tracker. #3.1.2 Tracking USER internalUser70
10:15:41.974 [Test worker] DEBUG tourGuide.service.RewardsService - Begin Tracker. #3.2 Tracking USER internalUser70
10:15:41.974 [Test worker] DEBUG tourGuide.service.TourGuideService - Begin Tracker. #4 Tracking USER internalUser70
10:15:42.019 [Test worker] DEBUG tourGuide.service.TourGuideService - Begin Tracker. #1 Tracking USER internalUser72
10:15:42.019 [Test worker] DEBUG tourGuide.service.TourGuideService - Begin Tracker. #2 Tracking USER internalUser72 latitutde -61.99092 longitude -164.272852
10:15:42.030 [Test worker] DEBUG tourGuide.service.RewardsService - Begin Tracker. #3.1.0 Tracking USER internalUser72
10:15:42.030 [Test worker] DEBUG tourGuide.service.RewardsService - Begin Tracker. #3.1.1 Tracking USER internalUser72 latitutde 44.05890547415319 longitude 172.86591442759214
10:15:42.031 [Test worker] DEBUG tourGuide.service.RewardsService - Begin Tracker. #3.1.2 Tracking USER internalUser72
10:15:42.032 [Test worker] DEBUG tourGuide.service.RewardsService - Begin Tracker. #3.1.1 Tracking USER internalUser72 latitutde -1.4345046236121846 longitude -54.87471628572135
10:15:42.033 [Test worker] DEBUG tourGuide.service.RewardsService - Begin Tracker. #3.1.2 Tracking USER internalUser72
10:15:42.035 [Test worker] DEBUG tourGuide.service.RewardsService - Begin Tracker. #3.1.1 Tracking USER internalUser72 latitutde -33.37349121249247 longitude -40.387154117101346
10:15:42.036 [Test worker] DEBUG tourGuide.service.RewardsService - Begin Tracker. #3.1.2 Tracking USER internalUser72
10:15:42.036 [Test worker] DEBUG tourGuide.service.RewardsService - Begin Tracker. #3.1.1 Tracking USER internalUser72 latitutde -61.99092 longitude -164.272852
10:15:42.039 [Test worker] DEBUG tourGuide.service.RewardsService - Begin Tracker. #3.1.2 Tracking USER internalUser72
10:15:42.040 [Test worker] DEBUG tourGuide.service.RewardsService - Begin Tracker. #3.2 Tracking USER internalUser72
10:15:42.041 [Test worker] DEBUG tourGuide.service.TourGuideService - Begin Tracker. #4 Tracking USER internalUser72
10:15:42.061 [pool-1-thread-1] DEBUG tourGuide.service.TourGuideService - Begin Tracker. #1 Tracking USER internalUser72
10:15:42.061 [pool-1-thread-1] DEBUG tourGuide.service.TourGuideService - Begin Tracker. #2 Tracking USER internalUser72 latitutde -1.130157 longitude -17.988934
10:15:42.073 [pool-1-thread-1] DEBUG tourGuide.service.RewardsService - Begin Tracker. #3.1.0 Tracking USER internalUser72
10:15:42.073 [pool-1-thread-1] DEBUG tourGuide.service.RewardsService - Begin Tracker. #3.1.1 Tracking USER internalUser72 latitutde 44.05890547415319 longitude 172.86591442759214
10:15:42.074 [pool-1-thread-1] DEBUG tourGuide.service.RewardsService - Begin Tracker. #3.1.2 Tracking USER internalUser72
10:15:42.075 [pool-1-thread-1] DEBUG tourGuide.service.RewardsService - Begin Tracker. #3.1.1 Tracking USER internalUser72 latitutde -1.4345046236121846 longitude -54.87471628572135
10:15:42.077 [pool-1-thread-1] DEBUG tourGuide.service.RewardsService - Begin Tracker. #3.1.2 Tracking USER internalUser72
10:15:42.078 [pool-1-thread-1] DEBUG tourGuide.service.RewardsService - Begin Tracker. #3.1.1 Tracking USER internalUser72 latitutde -33.37349121249247 longitude -40.387154117101346
10:15:42.080 [pool-1-thread-1] DEBUG tourGuide.service.RewardsService - Begin Tracker. #3.1.2 Tracking USER internalUser72
10:15:42.080 [pool-1-thread-1] DEBUG tourGuide.service.RewardsService - Begin Tracker. #3.1.1 Tracking USER internalUser72 latitutde -61.99092 longitude -164.272852
10:15:42.082 [pool-1-thread-1] DEBUG tourGuide.service.RewardsService - Begin Tracker. #3.1.2 Tracking USER internalUser72
10:15:42.083 [pool-1-thread-1] DEBUG tourGuide.service.RewardsService - Begin Tracker. #3.1.1 Tracking USER internalUser72 latitutde -1.130157 longitude -17.988934
10:15:42.084 [pool-1-thread-1] DEBUG tourGuide.service.RewardsService - Begin Tracker. #3.1.2 Tracking USER internalUser72
10:15:42.085 [pool-1-thread-1] DEBUG tourGuide.service.RewardsService - Begin Tracker. #3.2 Tracking USER internalUser72
10:15:42.086 [pool-1-thread-1] DEBUG tourGuide.service.TourGuideService - Begin Tracker. #4 Tracking USER internalUser72
10:15:42.091 [Test worker] DEBUG tourGuide.service.TourGuideService - Begin Tracker. #1 Tracking USER internalUser71
10:15:42.091 [Test worker] DEBUG tourGuide.service.TourGuideService - Begin Tracker. #2 Tracking USER internalUser71 latitutde -2.120067 longitude -45.035614
10:15:42.101 [Test worker] DEBUG tourGuide.service.RewardsService - Begin Tracker. #3.1.0 Tracking USER internalUser71
10:15:42.101 [Test worker] DEBUG tourGuide.service.RewardsService - Begin Tracker. #3.1.1 Tracking USER internalUser71 latitutde -62.076364849043706 longitude 111.68700416475644
10:15:42.101 [Test worker] DEBUG tourGuide.service.RewardsService - Begin Tracker. #3.1.2 Tracking USER internalUser71
10:15:42.101 [Test worker] DEBUG tourGuide.service.RewardsService - Begin Tracker. #3.1.1 Tracking USER internalUser71 latitutde -47.6176791236996 longitude 110.61731625919049
10:15:42.101 [Test worker] DEBUG tourGuide.service.RewardsService - Begin Tracker. #3.1.2 Tracking USER internalUser71
10:15:42.102 [Test worker] DEBUG tourGuide.service.RewardsService - Begin Tracker. #3.1.1 Tracking USER internalUser71 latitutde -14.593667940886903 longitude -19.662312633294533
10:15:42.102 [Test worker] DEBUG tourGuide.service.RewardsService - Begin Tracker. #3.1.2 Tracking USER internalUser71
10:15:42.103 [Test worker] DEBUG tourGuide.service.RewardsService - Begin Tracker. #3.1.1 Tracking USER internalUser71 latitutde -2.120067 longitude -45.035614
10:15:42.103 [Test worker] DEBUG tourGuide.service.RewardsService - Begin Tracker. #3.1.2 Tracking USER internalUser71
10:15:42.104 [Test worker] DEBUG tourGuide.service.RewardsService - Begin Tracker. #3.2 Tracking USER internalUser71
10:15:42.105 [Test worker] DEBUG tourGuide.service.TourGuideService - Begin Tracker. #4 Tracking USER internalUser71
10:15:42.159 [pool-1-thread-1] DEBUG tourGuide.service.TourGuideService - Begin Tracker. #1 Tracking USER internalUser71
10:15:42.159 [pool-1-thread-1] DEBUG tourGuide.service.TourGuideService - Begin Tracker. #2 Tracking USER internalUser71 latitutde -18.034348 longitude -160.485818
10:15:42.169 [pool-1-thread-1] DEBUG tourGuide.service.RewardsService - Begin Tracker. #3.1.0 Tracking USER internalUser71
10:15:42.177 [pool-1-thread-1] DEBUG tourGuide.service.RewardsService - Begin Tracker. #3.1.1 Tracking USER internalUser71 latitutde -62.076364849043706 longitude 111.68700416475644
10:15:42.178 [pool-1-thread-1] DEBUG tourGuide.service.RewardsService - Begin Tracker. #3.1.2 Tracking USER internalUser71
10:15:42.178 [pool-1-thread-1] DEBUG tourGuide.service.RewardsService - Begin Tracker. #3.1.1 Tracking USER internalUser71 latitutde -47.6176791236996 longitude 110.61731625919049
10:15:42.179 [pool-1-thread-1] DEBUG tourGuide.service.RewardsService - Begin Tracker. #3.1.2 Tracking USER internalUser71
10:15:42.180 [pool-1-thread-1] DEBUG tourGuide.service.RewardsService - Begin Tracker. #3.1.1 Tracking USER internalUser71 latitutde -14.593667940886903 longitude -19.662312633294533
10:15:42.183 [pool-1-thread-1] DEBUG tourGuide.service.RewardsService - Begin Tracker. #3.1.2 Tracking USER internalUser71
10:15:42.185 [pool-1-thread-1] DEBUG tourGuide.service.RewardsService - Begin Tracker. #3.1.1 Tracking USER internalUser71 latitutde -2.120067 longitude -45.035614
10:15:42.187 [pool-1-thread-1] DEBUG tourGuide.service.RewardsService - Begin Tracker. #3.1.2 Tracking USER internalUser71
10:15:42.187 [pool-1-thread-1] DEBUG tourGuide.service.RewardsService - Begin Tracker. #3.1.1 Tracking USER internalUser71 latitutde -18.034348 longitude -160.485818
10:15:42.187 [pool-1-thread-1] DEBUG tourGuide.service.RewardsService - Begin Tracker. #3.1.2 Tracking USER internalUser71
10:15:42.187 [pool-1-thread-1] DEBUG tourGuide.service.RewardsService - Begin Tracker. #3.2 Tracking USER internalUser71
10:15:42.188 [pool-1-thread-1] DEBUG tourGuide.service.TourGuideService - Begin Tracker. #4 Tracking USER internalUser71
10:15:42.192 [Test worker] DEBUG tourGuide.service.TourGuideService - Begin Tracker. #1 Tracking USER internalUser90
10:15:42.193 [Test worker] DEBUG tourGuide.service.TourGuideService - Begin Tracker. #2 Tracking USER internalUser90 latitutde 40.270439 longitude -24.039117
10:15:42.205 [Test worker] DEBUG tourGuide.service.RewardsService - Begin Tracker. #3.1.0 Tracking USER internalUser90
10:15:42.205 [Test worker] DEBUG tourGuide.service.RewardsService - Begin Tracker. #3.1.1 Tracking USER internalUser90 latitutde 12.391260579232494 longitude 30.589933343231706
10:15:42.205 [Test worker] DEBUG tourGuide.service.RewardsService - Begin Tracker. #3.1.2 Tracking USER internalUser90
10:15:42.205 [Test worker] DEBUG tourGuide.service.RewardsService - Begin Tracker. #3.1.1 Tracking USER internalUser90 latitutde 50.26756821246914 longitude -87.86855688093252
10:15:42.205 [Test worker] DEBUG tourGuide.service.RewardsService - Begin Tracker. #3.1.2 Tracking USER internalUser90
10:15:42.206 [Test worker] DEBUG tourGuide.service.RewardsService - Begin Tracker. #3.1.1 Tracking USER internalUser90 latitutde 63.55621732633611 longitude 21.319790336426763
10:15:42.206 [Test worker] DEBUG tourGuide.service.RewardsService - Begin Tracker. #3.1.2 Tracking USER internalUser90
10:15:42.206 [Test worker] DEBUG tourGuide.service.RewardsService - Begin Tracker. #3.1.1 Tracking USER internalUser90 latitutde 40.270439 longitude -24.039117
10:15:42.207 [Test worker] DEBUG tourGuide.service.RewardsService - Begin Tracker. #3.1.2 Tracking USER internalUser90
10:15:42.207 [Test worker] DEBUG tourGuide.service.RewardsService - Begin Tracker. #3.2 Tracking USER internalUser90
10:15:42.207 [Test worker] DEBUG tourGuide.service.TourGuideService - Begin Tracker. #4 Tracking USER internalUser90
10:15:42.282 [pool-1-thread-1] DEBUG tourGuide.service.TourGuideService - Begin Tracker. #1 Tracking USER internalUser90
10:15:42.282 [pool-1-thread-1] DEBUG tourGuide.service.TourGuideService - Begin Tracker. #2 Tracking USER internalUser90 latitutde 12.428302 longitude -4.600225
10:15:42.293 [pool-1-thread-1] DEBUG tourGuide.service.RewardsService - Begin Tracker. #3.1.0 Tracking USER internalUser90
10:15:42.293 [pool-1-thread-1] DEBUG tourGuide.service.RewardsService - Begin Tracker. #3.1.1 Tracking USER internalUser90 latitutde 12.391260579232494 longitude 30.589933343231706
10:15:42.293 [pool-1-thread-1] DEBUG tourGuide.service.RewardsService - Begin Tracker. #3.1.2 Tracking USER internalUser90
10:15:42.294 [pool-1-thread-1] DEBUG tourGuide.service.RewardsService - Begin Tracker. #3.1.1 Tracking USER internalUser90 latitutde 50.26756821246914 longitude -87.86855688093252
10:15:42.294 [pool-1-thread-1] DEBUG tourGuide.service.RewardsService - Begin Tracker. #3.1.2 Tracking USER internalUser90
10:15:42.295 [pool-1-thread-1] DEBUG tourGuide.service.RewardsService - Begin Tracker. #3.1.1 Tracking USER internalUser90 latitutde 63.55621732633611 longitude 21.319790336426763
10:15:42.295 [pool-1-thread-1] DEBUG tourGuide.service.RewardsService - Begin Tracker. #3.1.2 Tracking USER internalUser90
10:15:42.295 [pool-1-thread-1] DEBUG tourGuide.service.RewardsService - Begin Tracker. #3.1.1 Tracking USER internalUser90 latitutde 40.270439 longitude -24.039117
10:15:42.295 [pool-1-thread-1] DEBUG tourGuide.service.RewardsService - Begin Tracker. #3.1.2 Tracking USER internalUser90
10:15:42.295 [pool-1-thread-1] DEBUG tourGuide.service.RewardsService - Begin Tracker. #3.1.1 Tracking USER internalUser90 latitutde 12.428302 longitude -4.600225
10:15:42.296 [pool-1-thread-1] DEBUG tourGuide.service.RewardsService - Begin Tracker. #3.1.2 Tracking USER internalUser90
10:15:42.296 [pool-1-thread-1] DEBUG tourGuide.service.RewardsService - Begin Tracker. #3.2 Tracking USER internalUser90
10:15:42.296 [pool-1-thread-1] DEBUG tourGuide.service.TourGuideService - Begin Tracker. #4 Tracking USER internalUser90
10:15:42.302 [Test worker] DEBUG tourGuide.service.TourGuideService - Begin Tracker. #1 Tracking USER internalUser89
10:15:42.302 [Test worker] DEBUG tourGuide.service.TourGuideService - Begin Tracker. #2 Tracking USER internalUser89 latitutde -35.511992 longitude -116.139014
10:15:42.313 [Test worker] DEBUG tourGuide.service.RewardsService - Begin Tracker. #3.1.0 Tracking USER internalUser89
10:15:42.313 [Test worker] DEBUG tourGuide.service.RewardsService - Begin Tracker. #3.1.1 Tracking USER internalUser89 latitutde -57.84361161831637 longitude 25.016468954315826
10:15:42.313 [Test worker] DEBUG tourGuide.service.RewardsService - Begin Tracker. #3.1.2 Tracking USER internalUser89
10:15:42.314 [Test worker] DEBUG tourGuide.service.RewardsService - Begin Tracker. #3.1.1 Tracking USER internalUser89 latitutde 34.262169571525035 longitude 2.5296659182369012
10:15:42.314 [Test worker] DEBUG tourGuide.service.RewardsService - Begin Tracker. #3.1.2 Tracking USER internalUser89
10:15:42.315 [Test worker] DEBUG tourGuide.service.RewardsService - Begin Tracker. #3.1.1 Tracking USER internalUser89 latitutde 27.690494134678488 longitude 167.19302956480277
10:15:42.316 [Test worker] DEBUG tourGuide.service.RewardsService - Begin Tracker. #3.1.2 Tracking USER internalUser89
10:15:42.316 [Test worker] DEBUG tourGuide.service.RewardsService - Begin Tracker. #3.1.1 Tracking USER internalUser89 latitutde -35.511992 longitude -116.139014
10:15:42.318 [Test worker] DEBUG tourGuide.service.RewardsService - Begin Tracker. #3.1.2 Tracking USER internalUser89
10:15:42.319 [Test worker] DEBUG tourGuide.service.RewardsService - Begin Tracker. #3.2 Tracking USER internalUser89
10:15:42.319 [Test worker] DEBUG tourGuide.service.TourGuideService - Begin Tracker. #4 Tracking USER internalUser89
10:15:42.348 [pool-1-thread-1] DEBUG tourGuide.service.TourGuideService - Begin Tracker. #1 Tracking USER internalUser89
10:15:42.349 [pool-1-thread-1] DEBUG tourGuide.service.TourGuideService - Begin Tracker. #2 Tracking USER internalUser89 latitutde 64.914536 longitude -102.312314
10:15:42.359 [pool-1-thread-1] DEBUG tourGuide.service.RewardsService - Begin Tracker. #3.1.0 Tracking USER internalUser89
10:15:42.360 [pool-1-thread-1] DEBUG tourGuide.service.RewardsService - Begin Tracker. #3.1.1 Tracking USER internalUser89 latitutde -57.84361161831637 longitude 25.016468954315826
10:15:42.360 [pool-1-thread-1] DEBUG tourGuide.service.RewardsService - Begin Tracker. #3.1.2 Tracking USER internalUser89
10:15:42.361 [pool-1-thread-1] DEBUG tourGuide.service.RewardsService - Begin Tracker. #3.1.1 Tracking USER internalUser89 latitutde 34.262169571525035 longitude 2.5296659182369012
10:15:42.362 [pool-1-thread-1] DEBUG tourGuide.service.RewardsService - Begin Tracker. #3.1.2 Tracking USER internalUser89
10:15:42.362 [pool-1-thread-1] DEBUG tourGuide.service.RewardsService - Begin Tracker. #3.1.1 Tracking USER internalUser89 latitutde 27.690494134678488 longitude 167.19302956480277
10:15:42.363 [pool-1-thread-1] DEBUG tourGuide.service.RewardsService - Begin Tracker. #3.1.2 Tracking USER internalUser89
10:15:42.363 [pool-1-thread-1] DEBUG tourGuide.service.RewardsService - Begin Tracker. #3.1.1 Tracking USER internalUser89 latitutde -35.511992 longitude -116.139014
10:15:42.365 [pool-1-thread-1] DEBUG tourGuide.service.RewardsService - Begin Tracker. #3.1.2 Tracking USER internalUser89
10:15:42.366 [pool-1-thread-1] DEBUG tourGuide.service.RewardsService - Begin Tracker. #3.1.1 Tracking USER internalUser89 latitutde 64.914536 longitude -102.312314
10:15:42.366 [pool-1-thread-1] DEBUG tourGuide.service.RewardsService - Begin Tracker. #3.1.2 Tracking USER internalUser89
10:15:42.367 [pool-1-thread-1] DEBUG tourGuide.service.RewardsService - Begin Tracker. #3.2 Tracking USER internalUser89
10:15:42.367 [pool-1-thread-1] DEBUG tourGuide.service.TourGuideService - Begin Tracker. #4 Tracking USER internalUser89
10:15:42.401 [pool-1-thread-1] DEBUG tourGuide.service.TourGuideService - Begin Tracker. #1 Tracking USER internalUser88
10:15:42.401 [pool-1-thread-1] DEBUG tourGuide.service.TourGuideService - Begin Tracker. #2 Tracking USER internalUser88 latitutde -38.440711 longitude 81.265478
10:15:42.408 [Test worker] DEBUG tourGuide.service.TourGuideService - Begin Tracker. #1 Tracking USER internalUser88
10:15:42.408 [Test worker] DEBUG tourGuide.service.TourGuideService - Begin Tracker. #2 Tracking USER internalUser88 latitutde -76.582882 longitude 149.090507
10:15:42.412 [pool-1-thread-1] DEBUG tourGuide.service.RewardsService - Begin Tracker. #3.1.0 Tracking USER internalUser88
10:15:42.412 [pool-1-thread-1] DEBUG tourGuide.service.RewardsService - Begin Tracker. #3.1.1 Tracking USER internalUser88 latitutde 58.5398566516657 longitude -86.1608275507673
10:15:42.413 [pool-1-thread-1] DEBUG tourGuide.service.RewardsService - Begin Tracker. #3.1.2 Tracking USER internalUser88
10:15:42.413 [pool-1-thread-1] DEBUG tourGuide.service.RewardsService - Begin Tracker. #3.1.1 Tracking USER internalUser88 latitutde -18.691109342950867 longitude -164.93184717418933
10:15:42.413 [pool-1-thread-1] DEBUG tourGuide.service.RewardsService - Begin Tracker. #3.1.2 Tracking USER internalUser88
10:15:42.413 [pool-1-thread-1] DEBUG tourGuide.service.RewardsService - Begin Tracker. #3.1.1 Tracking USER internalUser88 latitutde 74.35882307322683 longitude -49.161763015384565
10:15:42.413 [pool-1-thread-1] DEBUG tourGuide.service.RewardsService - Begin Tracker. #3.1.2 Tracking USER internalUser88
10:15:42.413 [pool-1-thread-1] DEBUG tourGuide.service.RewardsService - Begin Tracker. #3.1.1 Tracking USER internalUser88 latitutde -38.440711 longitude 81.265478
10:15:42.414 [pool-1-thread-1] DEBUG tourGuide.service.RewardsService - Begin Tracker. #3.1.2 Tracking USER internalUser88
10:15:42.414 [pool-1-thread-1] DEBUG tourGuide.service.RewardsService - Begin Tracker. #3.1.1 Tracking USER internalUser88 latitutde -76.582882 longitude 149.090507
10:15:42.416 [pool-1-thread-1] DEBUG tourGuide.service.RewardsService - Begin Tracker. #3.1.2 Tracking USER internalUser88
10:15:42.417 [pool-1-thread-1] DEBUG tourGuide.service.RewardsService - Begin Tracker. #3.2 Tracking USER internalUser88
10:15:42.418 [pool-1-thread-1] DEBUG tourGuide.service.TourGuideService - Begin Tracker. #4 Tracking USER internalUser88
10:15:42.427 [Test worker] DEBUG tourGuide.service.RewardsService - Begin Tracker. #3.1.0 Tracking USER internalUser88
10:15:42.427 [Test worker] DEBUG tourGuide.service.RewardsService - Begin Tracker. #3.1.1 Tracking USER internalUser88 latitutde 58.5398566516657 longitude -86.1608275507673
10:15:42.427 [Test worker] DEBUG tourGuide.service.RewardsService - Begin Tracker. #3.1.2 Tracking USER internalUser88
10:15:42.429 [Test worker] DEBUG tourGuide.service.RewardsService - Begin Tracker. #3.1.1 Tracking USER internalUser88 latitutde -18.691109342950867 longitude -164.93184717418933
10:15:42.430 [Test worker] DEBUG tourGuide.service.RewardsService - Begin Tracker. #3.1.2 Tracking USER internalUser88
10:15:42.430 [Test worker] DEBUG tourGuide.service.RewardsService - Begin Tracker. #3.1.1 Tracking USER internalUser88 latitutde 74.35882307322683 longitude -49.161763015384565
10:15:42.431 [Test worker] DEBUG tourGuide.service.RewardsService - Begin Tracker. #3.1.2 Tracking USER internalUser88
10:15:42.432 [Test worker] DEBUG tourGuide.service.RewardsService - Begin Tracker. #3.1.1 Tracking USER internalUser88 latitutde -38.440711 longitude 81.265478
10:15:42.433 [Test worker] DEBUG tourGuide.service.RewardsService - Begin Tracker. #3.1.2 Tracking USER internalUser88
10:15:42.434 [Test worker] DEBUG tourGuide.service.RewardsService - Begin Tracker. #3.1.1 Tracking USER internalUser88 latitutde -76.582882 longitude 149.090507
10:15:42.436 [Test worker] DEBUG tourGuide.service.RewardsService - Begin Tracker. #3.1.2 Tracking USER internalUser88
10:15:42.437 [Test worker] DEBUG tourGuide.service.RewardsService - Begin Tracker. #3.2 Tracking USER internalUser88
10:15:42.439 [Test worker] DEBUG tourGuide.service.TourGuideService - Begin Tracker. #4 Tracking USER internalUser88
10:15:42.464 [pool-1-thread-1] DEBUG tourGuide.service.TourGuideService - Begin Tracker. #1 Tracking USER internalUser85
10:15:42.473 [pool-1-thread-1] DEBUG tourGuide.service.TourGuideService - Begin Tracker. #2 Tracking USER internalUser85 latitutde 22.915352 longitude 3.415165
10:15:42.491 [pool-1-thread-1] DEBUG tourGuide.service.RewardsService - Begin Tracker. #3.1.0 Tracking USER internalUser85
10:15:42.491 [pool-1-thread-1] DEBUG tourGuide.service.RewardsService - Begin Tracker. #3.1.1 Tracking USER internalUser85 latitutde 11.174242124256821 longitude -82.66036863192666
10:15:42.497 [pool-1-thread-1] DEBUG tourGuide.service.RewardsService - Begin Tracker. #3.1.2 Tracking USER internalUser85
10:15:42.501 [pool-1-thread-1] DEBUG tourGuide.service.RewardsService - Begin Tracker. #3.1.1 Tracking USER internalUser85 latitutde -37.57915736856686 longitude -146.14840011192197
10:15:42.506 [pool-1-thread-1] DEBUG tourGuide.service.RewardsService - Begin Tracker. #3.1.2 Tracking USER internalUser85
10:15:42.508 [pool-1-thread-1] DEBUG tourGuide.service.RewardsService - Begin Tracker. #3.1.1 Tracking USER internalUser85 latitutde -63.55784205074545 longitude -40.48894472342786
10:15:42.515 [pool-1-thread-1] DEBUG tourGuide.service.RewardsService - Begin Tracker. #3.1.2 Tracking USER internalUser85
10:15:42.519 [pool-1-thread-1] DEBUG tourGuide.service.RewardsService - Begin Tracker. #3.1.1 Tracking USER internalUser85 latitutde 22.915352 longitude 3.415165
10:15:42.520 [pool-1-thread-1] DEBUG tourGuide.service.RewardsService - Begin Tracker. #3.1.2 Tracking USER internalUser85
10:15:42.521 [pool-1-thread-1] DEBUG tourGuide.service.RewardsService - Begin Tracker. #3.2 Tracking USER internalUser85
10:15:42.522 [pool-1-thread-1] DEBUG tourGuide.service.TourGuideService - Begin Tracker. #4 Tracking USER internalUser85
10:15:42.525 [Test worker] DEBUG tourGuide.service.TourGuideService - Begin Tracker. #1 Tracking USER internalUser85
10:15:42.526 [Test worker] DEBUG tourGuide.service.TourGuideService - Begin Tracker. #2 Tracking USER internalUser85 latitutde -3.612032 longitude -152.0746
10:15:42.538 [Test worker] DEBUG tourGuide.service.RewardsService - Begin Tracker. #3.1.0 Tracking USER internalUser85
10:15:42.539 [Test worker] DEBUG tourGuide.service.RewardsService - Begin Tracker. #3.1.1 Tracking USER internalUser85 latitutde 11.174242124256821 longitude -82.66036863192666
10:15:42.540 [Test worker] DEBUG tourGuide.service.RewardsService - Begin Tracker. #3.1.2 Tracking USER internalUser85
10:15:42.542 [Test worker] DEBUG tourGuide.service.RewardsService - Begin Tracker. #3.1.1 Tracking USER internalUser85 latitutde -37.57915736856686 longitude -146.14840011192197
10:15:42.544 [Test worker] DEBUG tourGuide.service.RewardsService - Begin Tracker. #3.1.2 Tracking USER internalUser85
10:15:42.546 [Test worker] DEBUG tourGuide.service.RewardsService - Begin Tracker. #3.1.1 Tracking USER internalUser85 latitutde -63.55784205074545 longitude -40.48894472342786
10:15:42.548 [Test worker] DEBUG tourGuide.service.RewardsService - Begin Tracker. #3.1.2 Tracking USER internalUser85
10:15:42.552 [Test worker] DEBUG tourGuide.service.RewardsService - Begin Tracker. #3.1.1 Tracking USER internalUser85 latitutde 22.915352 longitude 3.415165
10:15:42.554 [Test worker] DEBUG tourGuide.service.RewardsService - Begin Tracker. #3.1.2 Tracking USER internalUser85
10:15:42.559 [Test worker] DEBUG tourGuide.service.RewardsService - Begin Tracker. #3.1.1 Tracking USER internalUser85 latitutde -3.612032 longitude -152.0746
10:15:42.560 [Test worker] DEBUG tourGuide.service.RewardsService - Begin Tracker. #3.1.2 Tracking USER internalUser85
10:15:42.560 [Test worker] DEBUG tourGuide.service.RewardsService - Begin Tracker. #3.2 Tracking USER internalUser85
10:15:42.560 [Test worker] DEBUG tourGuide.service.TourGuideService - Begin Tracker. #4 Tracking USER internalUser85
10:15:42.601 [Test worker] DEBUG tourGuide.service.TourGuideService - Begin Tracker. #1 Tracking USER internalUser84
10:15:42.601 [Test worker] DEBUG tourGuide.service.TourGuideService - Begin Tracker. #2 Tracking USER internalUser84 latitutde -78.404848 longitude 105.12268
10:15:42.611 [Test worker] DEBUG tourGuide.service.RewardsService - Begin Tracker. #3.1.0 Tracking USER internalUser84
10:15:42.612 [Test worker] DEBUG tourGuide.service.RewardsService - Begin Tracker. #3.1.1 Tracking USER internalUser84 latitutde -61.783239616511196 longitude -123.02217482138914
10:15:42.613 [Test worker] DEBUG tourGuide.service.RewardsService - Begin Tracker. #3.1.2 Tracking USER internalUser84
10:15:42.613 [Test worker] DEBUG tourGuide.service.RewardsService - Begin Tracker. #3.1.1 Tracking USER internalUser84 latitutde -29.606062932907868 longitude -152.45322781198018
10:15:42.613 [Test worker] DEBUG tourGuide.service.RewardsService - Begin Tracker. #3.1.2 Tracking USER internalUser84
10:15:42.613 [Test worker] DEBUG tourGuide.service.RewardsService - Begin Tracker. #3.1.1 Tracking USER internalUser84 latitutde 36.776998428947834 longitude 84.6643583640136
10:15:42.613 [Test worker] DEBUG tourGuide.service.RewardsService - Begin Tracker. #3.1.2 Tracking USER internalUser84
10:15:42.613 [Test worker] DEBUG tourGuide.service.RewardsService - Begin Tracker. #3.1.1 Tracking USER internalUser84 latitutde -78.404848 longitude 105.12268
10:15:42.613 [Test worker] DEBUG tourGuide.service.RewardsService - Begin Tracker. #3.1.2 Tracking USER internalUser84
10:15:42.613 [Test worker] DEBUG tourGuide.service.RewardsService - Begin Tracker. #3.2 Tracking USER internalUser84
10:15:42.613 [Test worker] DEBUG tourGuide.service.TourGuideService - Begin Tracker. #4 Tracking USER internalUser84
10:15:42.619 [pool-1-thread-1] DEBUG tourGuide.service.TourGuideService - Begin Tracker. #1 Tracking USER internalUser84
10:15:42.624 [pool-1-thread-1] DEBUG tourGuide.service.TourGuideService - Begin Tracker. #2 Tracking USER internalUser84 latitutde 49.22061 longitude 44.917567
10:15:42.636 [pool-1-thread-1] DEBUG tourGuide.service.RewardsService - Begin Tracker. #3.1.0 Tracking USER internalUser84
10:15:42.636 [pool-1-thread-1] DEBUG tourGuide.service.RewardsService - Begin Tracker. #3.1.1 Tracking USER internalUser84 latitutde -61.783239616511196 longitude -123.02217482138914
10:15:42.636 [pool-1-thread-1] DEBUG tourGuide.service.RewardsService - Begin Tracker. #3.1.2 Tracking USER internalUser84
10:15:42.636 [pool-1-thread-1] DEBUG tourGuide.service.RewardsService - Begin Tracker. #3.1.1 Tracking USER internalUser84 latitutde -29.606062932907868 longitude -152.45322781198018
10:15:42.637 [pool-1-thread-1] DEBUG tourGuide.service.RewardsService - Begin Tracker. #3.1.2 Tracking USER internalUser84
10:15:42.637 [pool-1-thread-1] DEBUG tourGuide.service.RewardsService - Begin Tracker. #3.1.1 Tracking USER internalUser84 latitutde 36.776998428947834 longitude 84.6643583640136
10:15:42.640 [pool-1-thread-1] DEBUG tourGuide.service.RewardsService - Begin Tracker. #3.1.2 Tracking USER internalUser84
10:15:42.640 [pool-1-thread-1] DEBUG tourGuide.service.RewardsService - Begin Tracker. #3.1.1 Tracking USER internalUser84 latitutde -78.404848 longitude 105.12268
10:15:42.640 [pool-1-thread-1] DEBUG tourGuide.service.RewardsService - Begin Tracker. #3.1.2 Tracking USER internalUser84
10:15:42.640 [pool-1-thread-1] DEBUG tourGuide.service.RewardsService - Begin Tracker. #3.1.1 Tracking USER internalUser84 latitutde 49.22061 longitude 44.917567
10:15:42.640 [pool-1-thread-1] DEBUG tourGuide.service.RewardsService - Begin Tracker. #3.1.2 Tracking USER internalUser84
10:15:42.640 [pool-1-thread-1] DEBUG tourGuide.service.RewardsService - Begin Tracker. #3.2 Tracking USER internalUser84
10:15:42.641 [pool-1-thread-1] DEBUG tourGuide.service.TourGuideService - Begin Tracker. #4 Tracking USER internalUser84
10:15:42.678 [Test worker] DEBUG tourGuide.service.TourGuideService - Begin Tracker. #1 Tracking USER internalUser87
10:15:42.678 [Test worker] DEBUG tourGuide.service.TourGuideService - Begin Tracker. #2 Tracking USER internalUser87 latitutde 66.609562 longitude -102.280745
10:15:42.689 [Test worker] DEBUG tourGuide.service.RewardsService - Begin Tracker. #3.1.0 Tracking USER internalUser87
10:15:42.689 [Test worker] DEBUG tourGuide.service.RewardsService - Begin Tracker. #3.1.1 Tracking USER internalUser87 latitutde 6.298899312276106 longitude 36.17840535198198
10:15:42.689 [Test worker] DEBUG tourGuide.service.RewardsService - Begin Tracker. #3.1.2 Tracking USER internalUser87
10:15:42.689 [Test worker] DEBUG tourGuide.service.RewardsService - Begin Tracker. #3.1.1 Tracking USER internalUser87 latitutde -5.908161253080394 longitude 154.9578272344187
10:15:42.689 [Test worker] DEBUG tourGuide.service.RewardsService - Begin Tracker. #3.1.2 Tracking USER internalUser87
10:15:42.689 [Test worker] DEBUG tourGuide.service.RewardsService - Begin Tracker. #3.1.1 Tracking USER internalUser87 latitutde 8.351006792787317 longitude -106.70995092223826
10:15:42.689 [Test worker] DEBUG tourGuide.service.RewardsService - Begin Tracker. #3.1.2 Tracking USER internalUser87
10:15:42.690 [Test worker] DEBUG tourGuide.service.RewardsService - Begin Tracker. #3.1.1 Tracking USER internalUser87 latitutde 66.609562 longitude -102.280745
10:15:42.691 [Test worker] DEBUG tourGuide.service.RewardsService - Begin Tracker. #3.1.2 Tracking USER internalUser87
10:15:42.696 [Test worker] DEBUG tourGuide.service.RewardsService - Begin Tracker. #3.2 Tracking USER internalUser87
10:15:42.697 [Test worker] DEBUG tourGuide.service.TourGuideService - Begin Tracker. #4 Tracking USER internalUser87
10:15:42.702 [pool-1-thread-1] DEBUG tourGuide.service.TourGuideService - Begin Tracker. #1 Tracking USER internalUser87
10:15:42.704 [pool-1-thread-1] DEBUG tourGuide.service.TourGuideService - Begin Tracker. #2 Tracking USER internalUser87 latitutde -79.194734 longitude -127.336534
10:15:42.717 [pool-1-thread-1] DEBUG tourGuide.service.RewardsService - Begin Tracker. #3.1.0 Tracking USER internalUser87
10:15:42.718 [pool-1-thread-1] DEBUG tourGuide.service.RewardsService - Begin Tracker. #3.1.1 Tracking USER internalUser87 latitutde 6.298899312276106 longitude 36.17840535198198
10:15:42.719 [pool-1-thread-1] DEBUG tourGuide.service.RewardsService - Begin Tracker. #3.1.2 Tracking USER internalUser87
10:15:42.719 [pool-1-thread-1] DEBUG tourGuide.service.RewardsService - Begin Tracker. #3.1.1 Tracking USER internalUser87 latitutde -5.908161253080394 longitude 154.9578272344187
10:15:42.720 [pool-1-thread-1] DEBUG tourGuide.service.RewardsService - Begin Tracker. #3.1.2 Tracking USER internalUser87
10:15:42.720 [pool-1-thread-1] DEBUG tourGuide.service.RewardsService - Begin Tracker. #3.1.1 Tracking USER internalUser87 latitutde 8.351006792787317 longitude -106.70995092223826
10:15:42.720 [pool-1-thread-1] DEBUG tourGuide.service.RewardsService - Begin Tracker. #3.1.2 Tracking USER internalUser87
10:15:42.720 [pool-1-thread-1] DEBUG tourGuide.service.RewardsService - Begin Tracker. #3.1.1 Tracking USER internalUser87 latitutde 66.609562 longitude -102.280745
10:15:42.720 [pool-1-thread-1] DEBUG tourGuide.service.RewardsService - Begin Tracker. #3.1.2 Tracking USER internalUser87
10:15:42.720 [pool-1-thread-1] DEBUG tourGuide.service.RewardsService - Begin Tracker. #3.1.1 Tracking USER internalUser87 latitutde -79.194734 longitude -127.336534
10:15:42.720 [pool-1-thread-1] DEBUG tourGuide.service.RewardsService - Begin Tracker. #3.1.2 Tracking USER internalUser87
10:15:42.720 [pool-1-thread-1] DEBUG tourGuide.service.RewardsService - Begin Tracker. #3.2 Tracking USER internalUser87
10:15:42.720 [pool-1-thread-1] DEBUG tourGuide.service.TourGuideService - Begin Tracker. #4 Tracking USER internalUser87
10:15:42.746 [Test worker] DEBUG tourGuide.service.TourGuideService - Begin Tracker. #1 Tracking USER internalUser86
10:15:42.746 [Test worker] DEBUG tourGuide.service.TourGuideService - Begin Tracker. #2 Tracking USER internalUser86 latitutde -17.928862 longitude 151.086671
10:15:42.757 [Test worker] DEBUG tourGuide.service.RewardsService - Begin Tracker. #3.1.0 Tracking USER internalUser86
10:15:42.757 [Test worker] DEBUG tourGuide.service.RewardsService - Begin Tracker. #3.1.1 Tracking USER internalUser86 latitutde -79.24893349623687 longitude -171.1814741580535
10:15:42.757 [Test worker] DEBUG tourGuide.service.RewardsService - Begin Tracker. #3.1.2 Tracking USER internalUser86
10:15:42.757 [Test worker] DEBUG tourGuide.service.RewardsService - Begin Tracker. #3.1.1 Tracking USER internalUser86 latitutde -51.15682364163881 longitude -100.88479149451389
10:15:42.757 [Test worker] DEBUG tourGuide.service.RewardsService - Begin Tracker. #3.1.2 Tracking USER internalUser86
10:15:42.758 [Test worker] DEBUG tourGuide.service.RewardsService - Begin Tracker. #3.1.1 Tracking USER internalUser86 latitutde -62.215631573638596 longitude -88.21754747924497
10:15:42.758 [Test worker] DEBUG tourGuide.service.RewardsService - Begin Tracker. #3.1.2 Tracking USER internalUser86
10:15:42.758 [Test worker] DEBUG tourGuide.service.RewardsService - Begin Tracker. #3.1.1 Tracking USER internalUser86 latitutde -17.928862 longitude 151.086671
10:15:42.758 [Test worker] DEBUG tourGuide.service.RewardsService - Begin Tracker. #3.1.2 Tracking USER internalUser86
10:15:42.758 [Test worker] DEBUG tourGuide.service.RewardsService - Begin Tracker. #3.2 Tracking USER internalUser86
10:15:42.758 [Test worker] DEBUG tourGuide.service.TourGuideService - Begin Tracker. #4 Tracking USER internalUser86
10:15:42.815 [pool-1-thread-1] DEBUG tourGuide.service.TourGuideService - Begin Tracker. #1 Tracking USER internalUser86
10:15:42.815 [pool-1-thread-1] DEBUG tourGuide.service.TourGuideService - Begin Tracker. #2 Tracking USER internalUser86 latitutde 22.287602 longitude 133.216499
10:15:42.826 [pool-1-thread-1] DEBUG tourGuide.service.RewardsService - Begin Tracker. #3.1.0 Tracking USER internalUser86
10:15:42.826 [pool-1-thread-1] DEBUG tourGuide.service.RewardsService - Begin Tracker. #3.1.1 Tracking USER internalUser86 latitutde -79.24893349623687 longitude -171.1814741580535
10:15:42.826 [pool-1-thread-1] DEBUG tourGuide.service.RewardsService - Begin Tracker. #3.1.2 Tracking USER internalUser86
10:15:42.826 [pool-1-thread-1] DEBUG tourGuide.service.RewardsService - Begin Tracker. #3.1.1 Tracking USER internalUser86 latitutde -51.15682364163881 longitude -100.88479149451389
10:15:42.827 [pool-1-thread-1] DEBUG tourGuide.service.RewardsService - Begin Tracker. #3.1.2 Tracking USER internalUser86
10:15:42.827 [pool-1-thread-1] DEBUG tourGuide.service.RewardsService - Begin Tracker. #3.1.1 Tracking USER internalUser86 latitutde -62.215631573638596 longitude -88.21754747924497
10:15:42.828 [pool-1-thread-1] DEBUG tourGuide.service.RewardsService - Begin Tracker. #3.1.2 Tracking USER internalUser86
10:15:42.829 [pool-1-thread-1] DEBUG tourGuide.service.RewardsService - Begin Tracker. #3.1.1 Tracking USER internalUser86 latitutde -17.928862 longitude 151.086671
10:15:42.829 [pool-1-thread-1] DEBUG tourGuide.service.RewardsService - Begin Tracker. #3.1.2 Tracking USER internalUser86
10:15:42.829 [pool-1-thread-1] DEBUG tourGuide.service.RewardsService - Begin Tracker. #3.1.1 Tracking USER internalUser86 latitutde 22.287602 longitude 133.216499
10:15:42.829 [pool-1-thread-1] DEBUG tourGuide.service.RewardsService - Begin Tracker. #3.1.2 Tracking USER internalUser86
10:15:42.829 [pool-1-thread-1] DEBUG tourGuide.service.RewardsService - Begin Tracker. #3.2 Tracking USER internalUser86
10:15:42.829 [pool-1-thread-1] DEBUG tourGuide.service.TourGuideService - Begin Tracker. #4 Tracking USER internalUser86
10:15:42.834 [Test worker] DEBUG tourGuide.service.TourGuideService - Begin Tracker. #1 Tracking USER internalUser81
10:15:42.834 [Test worker] DEBUG tourGuide.service.TourGuideService - Begin Tracker. #2 Tracking USER internalUser81 latitutde -37.202303 longitude 79.10918
10:15:42.845 [Test worker] DEBUG tourGuide.service.RewardsService - Begin Tracker. #3.1.0 Tracking USER internalUser81
10:15:42.845 [Test worker] DEBUG tourGuide.service.RewardsService - Begin Tracker. #3.1.1 Tracking USER internalUser81 latitutde -54.07556601667295 longitude -102.98791835915384
10:15:42.845 [Test worker] DEBUG tourGuide.service.RewardsService - Begin Tracker. #3.1.2 Tracking USER internalUser81
10:15:42.845 [Test worker] DEBUG tourGuide.service.RewardsService - Begin Tracker. #3.1.1 Tracking USER internalUser81 latitutde 26.916392209114164 longitude -126.42016035760574
10:15:42.846 [Test worker] DEBUG tourGuide.service.RewardsService - Begin Tracker. #3.1.2 Tracking USER internalUser81
10:15:42.846 [Test worker] DEBUG tourGuide.service.RewardsService - Begin Tracker. #3.1.1 Tracking USER internalUser81 latitutde 17.736678787086262 longitude -95.90408393656445
10:15:42.846 [Test worker] DEBUG tourGuide.service.RewardsService - Begin Tracker. #3.1.2 Tracking USER internalUser81
10:15:42.846 [Test worker] DEBUG tourGuide.service.RewardsService - Begin Tracker. #3.1.1 Tracking USER internalUser81 latitutde -37.202303 longitude 79.10918
10:15:42.847 [Test worker] DEBUG tourGuide.service.RewardsService - Begin Tracker. #3.1.2 Tracking USER internalUser81
10:15:42.847 [Test worker] DEBUG tourGuide.service.RewardsService - Begin Tracker. #3.2 Tracking USER internalUser81
10:15:42.847 [Test worker] DEBUG tourGuide.service.TourGuideService - Begin Tracker. #4 Tracking USER internalUser81
10:15:42.915 [pool-1-thread-1] DEBUG tourGuide.service.TourGuideService - Begin Tracker. #1 Tracking USER internalUser81
10:15:42.915 [pool-1-thread-1] DEBUG tourGuide.service.TourGuideService - Begin Tracker. #2 Tracking USER internalUser81 latitutde -59.437063 longitude 172.595044
10:15:42.915 [Test worker] DEBUG tourGuide.service.TourGuideService - Begin Tracker. #1 Tracking USER internalUser80
10:15:42.915 [Test worker] DEBUG tourGuide.service.TourGuideService - Begin Tracker. #2 Tracking USER internalUser80 latitutde -65.695752 longitude -97.225793
10:15:42.926 [Test worker] DEBUG tourGuide.service.RewardsService - Begin Tracker. #3.1.0 Tracking USER internalUser80
10:15:42.926 [Test worker] DEBUG tourGuide.service.RewardsService - Begin Tracker. #3.1.1 Tracking USER internalUser80 latitutde 38.50952374865403 longitude 47.87357993988499
10:15:42.927 [Test worker] DEBUG tourGuide.service.RewardsService - Begin Tracker. #3.1.2 Tracking USER internalUser80
10:15:42.927 [Test worker] DEBUG tourGuide.service.RewardsService - Begin Tracker. #3.1.1 Tracking USER internalUser80 latitutde 21.773903002752974 longitude -112.61030048460009
10:15:42.934 [Test worker] DEBUG tourGuide.service.RewardsService - Begin Tracker. #3.1.2 Tracking USER internalUser80
10:15:42.934 [Test worker] DEBUG tourGuide.service.RewardsService - Begin Tracker. #3.1.1 Tracking USER internalUser80 latitutde -30.551114260449992 longitude 119.15736132928816
10:15:42.934 [Test worker] DEBUG tourGuide.service.RewardsService - Begin Tracker. #3.1.2 Tracking USER internalUser80
10:15:42.938 [Test worker] DEBUG tourGuide.service.RewardsService - Begin Tracker. #3.1.1 Tracking USER internalUser80 latitutde -65.695752 longitude -97.225793
10:15:42.939 [Test worker] DEBUG tourGuide.service.RewardsService - Begin Tracker. #3.1.2 Tracking USER internalUser80
10:15:42.941 [Test worker] DEBUG tourGuide.service.RewardsService - Begin Tracker. #3.2 Tracking USER internalUser80
10:15:42.945 [Test worker] DEBUG tourGuide.service.TourGuideService - Begin Tracker. #4 Tracking USER internalUser80
10:15:42.947 [pool-1-thread-1] DEBUG tourGuide.service.RewardsService - Begin Tracker. #3.1.0 Tracking USER internalUser81
10:15:42.948 [pool-1-thread-1] DEBUG tourGuide.service.RewardsService - Begin Tracker. #3.1.1 Tracking USER internalUser81 latitutde -54.07556601667295 longitude -102.98791835915384
10:15:42.950 [pool-1-thread-1] DEBUG tourGuide.service.RewardsService - Begin Tracker. #3.1.2 Tracking USER internalUser81
10:15:42.950 [pool-1-thread-1] DEBUG tourGuide.service.RewardsService - Begin Tracker. #3.1.1 Tracking USER internalUser81 latitutde 26.916392209114164 longitude -126.42016035760574
10:15:42.950 [pool-1-thread-1] DEBUG tourGuide.service.RewardsService - Begin Tracker. #3.1.2 Tracking USER internalUser81
10:15:42.951 [pool-1-thread-1] DEBUG tourGuide.service.RewardsService - Begin Tracker. #3.1.1 Tracking USER internalUser81 latitutde 17.736678787086262 longitude -95.90408393656445
10:15:42.952 [pool-1-thread-1] DEBUG tourGuide.service.RewardsService - Begin Tracker. #3.1.2 Tracking USER internalUser81
10:15:42.953 [pool-1-thread-1] DEBUG tourGuide.service.RewardsService - Begin Tracker. #3.1.1 Tracking USER internalUser81 latitutde -37.202303 longitude 79.10918
10:15:42.955 [pool-1-thread-1] DEBUG tourGuide.service.RewardsService - Begin Tracker. #3.1.2 Tracking USER internalUser81
10:15:42.955 [pool-1-thread-1] DEBUG tourGuide.service.RewardsService - Begin Tracker. #3.1.1 Tracking USER internalUser81 latitutde -59.437063 longitude 172.595044
10:15:42.955 [pool-1-thread-1] DEBUG tourGuide.service.RewardsService - Begin Tracker. #3.1.2 Tracking USER internalUser81
10:15:42.955 [pool-1-thread-1] DEBUG tourGuide.service.RewardsService - Begin Tracker. #3.2 Tracking USER internalUser81
10:15:42.957 [pool-1-thread-1] DEBUG tourGuide.service.TourGuideService - Begin Tracker. #4 Tracking USER internalUser81
10:15:43.034 [pool-1-thread-1] DEBUG tourGuide.service.TourGuideService - Begin Tracker. #1 Tracking USER internalUser80
10:15:43.034 [pool-1-thread-1] DEBUG tourGuide.service.TourGuideService - Begin Tracker. #2 Tracking USER internalUser80 latitutde -80.149789 longitude 76.533059
10:15:43.037 [Test worker] DEBUG tourGuide.service.TourGuideService - Begin Tracker. #1 Tracking USER internalUser83
10:15:43.037 [Test worker] DEBUG tourGuide.service.TourGuideService - Begin Tracker. #2 Tracking USER internalUser83 latitutde -13.294821 longitude -133.318064
10:15:43.045 [pool-1-thread-1] DEBUG tourGuide.service.RewardsService - Begin Tracker. #3.1.0 Tracking USER internalUser80
10:15:43.046 [pool-1-thread-1] DEBUG tourGuide.service.RewardsService - Begin Tracker. #3.1.1 Tracking USER internalUser80 latitutde 38.50952374865403 longitude 47.87357993988499
10:15:43.047 [pool-1-thread-1] DEBUG tourGuide.service.RewardsService - Begin Tracker. #3.1.2 Tracking USER internalUser80
10:15:43.048 [pool-1-thread-1] DEBUG tourGuide.service.RewardsService - Begin Tracker. #3.1.1 Tracking USER internalUser80 latitutde 21.773903002752974 longitude -112.61030048460009
10:15:43.051 [pool-1-thread-1] DEBUG tourGuide.service.RewardsService - Begin Tracker. #3.1.2 Tracking USER internalUser80
10:15:43.052 [pool-1-thread-1] DEBUG tourGuide.service.RewardsService - Begin Tracker. #3.1.1 Tracking USER internalUser80 latitutde -30.551114260449992 longitude 119.15736132928816
10:15:43.052 [pool-1-thread-1] DEBUG tourGuide.service.RewardsService - Begin Tracker. #3.1.2 Tracking USER internalUser80
10:15:43.052 [pool-1-thread-1] DEBUG tourGuide.service.RewardsService - Begin Tracker. #3.1.1 Tracking USER internalUser80 latitutde -65.695752 longitude -97.225793
10:15:43.053 [pool-1-thread-1] DEBUG tourGuide.service.RewardsService - Begin Tracker. #3.1.2 Tracking USER internalUser80
10:15:43.054 [pool-1-thread-1] DEBUG tourGuide.service.RewardsService - Begin Tracker. #3.1.1 Tracking USER internalUser80 latitutde -80.149789 longitude 76.533059
10:15:43.054 [pool-1-thread-1] DEBUG tourGuide.service.RewardsService - Begin Tracker. #3.1.2 Tracking USER internalUser80
10:15:43.055 [pool-1-thread-1] DEBUG tourGuide.service.RewardsService - Begin Tracker. #3.2 Tracking USER internalUser80
10:15:43.055 [pool-1-thread-1] DEBUG tourGuide.service.TourGuideService - Begin Tracker. #4 Tracking USER internalUser80
10:15:43.057 [Test worker] DEBUG tourGuide.service.RewardsService - Begin Tracker. #3.1.0 Tracking USER internalUser83
10:15:43.059 [Test worker] DEBUG tourGuide.service.RewardsService - Begin Tracker. #3.1.1 Tracking USER internalUser83 latitutde -65.15480444132395 longitude 8.837471944471474
10:15:43.060 [Test worker] DEBUG tourGuide.service.RewardsService - Begin Tracker. #3.1.2 Tracking USER internalUser83
10:15:43.061 [Test worker] DEBUG tourGuide.service.RewardsService - Begin Tracker. #3.1.1 Tracking USER internalUser83 latitutde 68.55371806313903 longitude 42.612657422106366
10:15:43.062 [Test worker] DEBUG tourGuide.service.RewardsService - Begin Tracker. #3.1.2 Tracking USER internalUser83
10:15:43.063 [Test worker] DEBUG tourGuide.service.RewardsService - Begin Tracker. #3.1.1 Tracking USER internalUser83 latitutde -30.847287209659946 longitude 170.23200773473633
10:15:43.065 [Test worker] DEBUG tourGuide.service.RewardsService - Begin Tracker. #3.1.2 Tracking USER internalUser83
10:15:43.066 [Test worker] DEBUG tourGuide.service.RewardsService - Begin Tracker. #3.1.1 Tracking USER internalUser83 latitutde -13.294821 longitude -133.318064
10:15:43.068 [Test worker] DEBUG tourGuide.service.RewardsService - Begin Tracker. #3.1.2 Tracking USER internalUser83
10:15:43.069 [Test worker] DEBUG tourGuide.service.RewardsService - Begin Tracker. #3.2 Tracking USER internalUser83
10:15:43.070 [Test worker] DEBUG tourGuide.service.TourGuideService - Begin Tracker. #4 Tracking USER internalUser83
10:15:43.118 [Test worker] DEBUG tourGuide.service.TourGuideService - Begin Tracker. #1 Tracking USER internalUser82
10:15:43.118 [Test worker] DEBUG tourGuide.service.TourGuideService - Begin Tracker. #2 Tracking USER internalUser82 latitutde 4.285774 longitude 142.762745
10:15:43.124 [pool-1-thread-1] DEBUG tourGuide.service.TourGuideService - Begin Tracker. #1 Tracking USER internalUser83
10:15:43.124 [pool-1-thread-1] DEBUG tourGuide.service.TourGuideService - Begin Tracker. #2 Tracking USER internalUser83 latitutde 32.107726 longitude -69.890942
10:15:43.129 [Test worker] DEBUG tourGuide.service.RewardsService - Begin Tracker. #3.1.0 Tracking USER internalUser82
10:15:43.129 [Test worker] DEBUG tourGuide.service.RewardsService - Begin Tracker. #3.1.1 Tracking USER internalUser82 latitutde -67.67690354670052 longitude 113.71097280001112
10:15:43.129 [Test worker] DEBUG tourGuide.service.RewardsService - Begin Tracker. #3.1.2 Tracking USER internalUser82
10:15:43.129 [Test worker] DEBUG tourGuide.service.RewardsService - Begin Tracker. #3.1.1 Tracking USER internalUser82 latitutde -73.9806814326451 longitude 1.9597478435434255
10:15:43.130 [Test worker] DEBUG tourGuide.service.RewardsService - Begin Tracker. #3.1.2 Tracking USER internalUser82
10:15:43.130 [Test worker] DEBUG tourGuide.service.RewardsService - Begin Tracker. #3.1.1 Tracking USER internalUser82 latitutde -30.637287322136252 longitude 107.51908664931773
10:15:43.131 [Test worker] DEBUG tourGuide.service.RewardsService - Begin Tracker. #3.1.2 Tracking USER internalUser82
10:15:43.132 [Test worker] DEBUG tourGuide.service.RewardsService - Begin Tracker. #3.1.1 Tracking USER internalUser82 latitutde 4.285774 longitude 142.762745
10:15:43.132 [Test worker] DEBUG tourGuide.service.RewardsService - Begin Tracker. #3.1.2 Tracking USER internalUser82
10:15:43.133 [Test worker] DEBUG tourGuide.service.RewardsService - Begin Tracker. #3.2 Tracking USER internalUser82
10:15:43.133 [Test worker] DEBUG tourGuide.service.TourGuideService - Begin Tracker. #4 Tracking USER internalUser82
[...]
10:16:36.415 [pool-2-thread-1] DEBUG tourGuide.service.RewardsService - Begin Tracker. #3.1.1 Tracking USER internalUser63 latitutde -72.07581482582265 longitude -28.4090666735635
10:16:36.415 [Test worker] DEBUG tourGuide.service.RewardsService - Begin Tracker. #3.1.0 Tracking USER internalUser62
10:16:36.415 [Test worker] DEBUG tourGuide.service.RewardsService - Begin Tracker. #3.1.1 Tracking USER internalUser62 latitutde -8.123739424610505 longitude 83.23610185043032
10:16:36.415 [pool-2-thread-1] DEBUG tourGuide.service.RewardsService - Begin Tracker. #3.1.2 Tracking USER internalUser63
10:16:36.415 [pool-2-thread-1] DEBUG tourGuide.service.RewardsService - Begin Tracker. #3.1.1 Tracking USER internalUser63 latitutde -32.69798304995613 longitude 19.748943517930456
10:16:36.415 [Test worker] DEBUG tourGuide.service.RewardsService - Begin Tracker. #3.1.2 Tracking USER internalUser62
10:16:36.415 [pool-2-thread-1] DEBUG tourGuide.service.RewardsService - Begin Tracker. #3.1.2 Tracking USER internalUser63
10:16:36.415 [Test worker] DEBUG tourGuide.service.RewardsService - Begin Tracker. #3.1.1 Tracking USER internalUser62 latitutde -1.4060609138140876 longitude -170.99397253907262
10:16:36.415 [pool-2-thread-1] DEBUG tourGuide.service.RewardsService - Begin Tracker. #3.1.1 Tracking USER internalUser63 latitutde 8.65142875938298 longitude 51.454350146816296
10:16:36.415 [pool-2-thread-1] DEBUG tourGuide.service.RewardsService - Begin Tracker. #3.1.2 Tracking USER internalUser63
10:16:36.415 [pool-2-thread-1] DEBUG tourGuide.service.RewardsService - Begin Tracker. #3.1.1 Tracking USER internalUser63 latitutde 33.817595 longitude -117.922008
10:16:36.415 [pool-2-thread-1] DEBUG tourGuide.service.RewardsService - Begin Tracker. #3.1.2 Tracking USER internalUser63
10:16:36.415 [pool-2-thread-1] DEBUG tourGuide.service.RewardsService - Begin Tracker. #3.1.1 Tracking USER internalUser63 latitutde 56.79716 longitude 150.70604
10:16:36.415 [Test worker] DEBUG tourGuide.service.RewardsService - Begin Tracker. #3.1.2 Tracking USER internalUser62
10:16:36.415 [pool-2-thread-1] DEBUG tourGuide.service.RewardsService - Begin Tracker. #3.1.2 Tracking USER internalUser63
10:16:36.415 [pool-2-thread-1] DEBUG tourGuide.service.RewardsService - Begin Tracker. #3.2 Tracking USER internalUser63
10:16:36.415 [pool-2-thread-1] DEBUG tourGuide.service.TourGuideService - Begin Tracker. #4 Tracking USER internalUser63
10:16:36.415 [Test worker] DEBUG tourGuide.service.RewardsService - Begin Tracker. #3.1.1 Tracking USER internalUser62 latitutde -77.68211503218797 longitude -132.73391573353953
10:16:36.416 [Test worker] DEBUG tourGuide.service.RewardsService - Begin Tracker. #3.1.2 Tracking USER internalUser62
10:16:36.416 [Test worker] DEBUG tourGuide.service.RewardsService - Begin Tracker. #3.1.1 Tracking USER internalUser62 latitutde 33.817595 longitude -117.922008
10:16:36.472 [pool-2-thread-1] DEBUG tourGuide.service.TourGuideService - Begin Tracker. #1 Tracking USER internalUser62
10:16:37.385 [Test worker] DEBUG tourGuide.service.RewardsService - Begin Tracker. #3.1.2 Tracking USER internalUser62
10:16:37.385 [Test worker] DEBUG tourGuide.service.RewardsService - Begin Tracker. #3.2 Tracking USER internalUser62
10:16:37.385 [pool-2-thread-1] DEBUG tourGuide.service.TourGuideService - Begin Tracker. #2 Tracking USER internalUser62 latitutde -32.643334 longitude -110.710927
10:16:37.401 [pool-2-thread-1] DEBUG tourGuide.service.RewardsService - Begin Tracker. #3.1.0 Tracking USER internalUser62
10:16:37.401 [Test worker] DEBUG tourGuide.service.RewardsService - Begin Tracker. #3.1.0 Tracking USER internalUser65
10:16:37.401 [pool-2-thread-1] DEBUG tourGuide.service.RewardsService - Begin Tracker. #3.1.1 Tracking USER internalUser62 latitutde -8.123739424610505 longitude 83.23610185043032
10:16:37.401 [Test worker] DEBUG tourGuide.service.RewardsService - Begin Tracker. #3.1.1 Tracking USER internalUser65 latitutde -45.86686779278816 longitude -163.87741784495773
10:16:37.401 [Test worker] DEBUG tourGuide.service.RewardsService - Begin Tracker. #3.1.2 Tracking USER internalUser65
10:16:37.401 [Test worker] DEBUG tourGuide.service.RewardsService - Begin Tracker. #3.1.1 Tracking USER internalUser65 latitutde -56.27348590191151 longitude 102.40016873826306
10:16:37.401 [pool-2-thread-1] DEBUG tourGuide.service.RewardsService - Begin Tracker. #3.1.2 Tracking USER internalUser62
10:16:37.401 [pool-2-thread-1] DEBUG tourGuide.service.RewardsService - Begin Tracker. #3.1.1 Tracking USER internalUser62 latitutde -1.4060609138140876 longitude -170.99397253907262
10:16:37.401 [pool-2-thread-1] DEBUG tourGuide.service.RewardsService - Begin Tracker. #3.1.2 Tracking USER internalUser62
10:16:37.401 [Test worker] DEBUG tourGuide.service.RewardsService - Begin Tracker. #3.1.2 Tracking USER internalUser65
10:16:37.401 [pool-2-thread-1] DEBUG tourGuide.service.RewardsService - Begin Tracker. #3.1.1 Tracking USER internalUser62 latitutde -77.68211503218797 longitude -132.73391573353953
10:16:37.401 [Test worker] DEBUG tourGuide.service.RewardsService - Begin Tracker. #3.1.1 Tracking USER internalUser65 latitutde 70.60787177703929 longitude 67.55240546851581
10:16:37.401 [pool-2-thread-1] DEBUG tourGuide.service.RewardsService - Begin Tracker. #3.1.2 Tracking USER internalUser62
10:16:37.401 [pool-2-thread-1] DEBUG tourGuide.service.RewardsService - Begin Tracker. #3.1.1 Tracking USER internalUser62 latitutde 33.817595 longitude -117.922008
10:16:37.401 [pool-2-thread-1] DEBUG tourGuide.service.RewardsService - Begin Tracker. #3.1.2 Tracking USER internalUser62
10:16:37.401 [pool-2-thread-1] DEBUG tourGuide.service.RewardsService - Begin Tracker. #3.1.1 Tracking USER internalUser62 latitutde -32.643334 longitude -110.710927
10:16:37.401 [pool-2-thread-1] DEBUG tourGuide.service.RewardsService - Begin Tracker. #3.1.2 Tracking USER internalUser62
10:16:37.401 [pool-2-thread-1] DEBUG tourGuide.service.RewardsService - Begin Tracker. #3.2 Tracking USER internalUser62
10:16:37.401 [pool-2-thread-1] DEBUG tourGuide.service.TourGuideService - Begin Tracker. #4 Tracking USER internalUser62
10:16:37.401 [Test worker] DEBUG tourGuide.service.RewardsService - Begin Tracker. #3.1.2 Tracking USER internalUser65
10:16:37.401 [Test worker] DEBUG tourGuide.service.RewardsService - Begin Tracker. #3.1.1 Tracking USER internalUser65 latitutde 33.817595 longitude -117.922008
10:16:37.476 [pool-2-thread-1] DEBUG tourGuide.service.TourGuideService - Begin Tracker. #1 Tracking USER internalUser65
10:16:37.838 [Test worker] DEBUG tourGuide.service.RewardsService - Begin Tracker. #3.1.2 Tracking USER internalUser65
10:16:37.838 [Test worker] DEBUG tourGuide.service.RewardsService - Begin Tracker. #3.2 Tracking USER internalUser65
10:16:37.838 [pool-2-thread-1] DEBUG tourGuide.service.TourGuideService - Begin Tracker. #2 Tracking USER internalUser65 latitutde 83.604959 longitude 29.864581
10:16:37.854 [pool-2-thread-1] DEBUG tourGuide.service.RewardsService - Begin Tracker. #3.1.0 Tracking USER internalUser65
10:16:37.854 [pool-2-thread-1] DEBUG tourGuide.service.RewardsService - Begin Tracker. #3.1.1 Tracking USER internalUser65 latitutde -45.86686779278816 longitude -163.87741784495773
10:16:37.854 [pool-2-thread-1] DEBUG tourGuide.service.RewardsService - Begin Tracker. #3.1.2 Tracking USER internalUser65
10:16:37.854 [Test worker] DEBUG tourGuide.service.RewardsService - Begin Tracker. #3.1.0 Tracking USER internalUser64
10:16:37.854 [pool-2-thread-1] DEBUG tourGuide.service.RewardsService - Begin Tracker. #3.1.1 Tracking USER internalUser65 latitutde -56.27348590191151 longitude 102.40016873826306
10:16:37.854 [Test worker] DEBUG tourGuide.service.RewardsService - Begin Tracker. #3.1.1 Tracking USER internalUser64 latitutde -61.29857042816435 longitude -70.11005059424787
10:16:37.854 [pool-2-thread-1] DEBUG tourGuide.service.RewardsService - Begin Tracker. #3.1.2 Tracking USER internalUser65
10:16:37.854 [pool-2-thread-1] DEBUG tourGuide.service.RewardsService - Begin Tracker. #3.1.1 Tracking USER internalUser65 latitutde 70.60787177703929 longitude 67.55240546851581
10:16:37.854 [pool-2-thread-1] DEBUG tourGuide.service.RewardsService - Begin Tracker. #3.1.2 Tracking USER internalUser65
10:16:37.854 [pool-2-thread-1] DEBUG tourGuide.service.RewardsService - Begin Tracker. #3.1.1 Tracking USER internalUser65 latitutde 33.817595 longitude -117.922008
10:16:37.854 [pool-2-thread-1] DEBUG tourGuide.service.RewardsService - Begin Tracker. #3.1.2 Tracking USER internalUser65
10:16:37.854 [pool-2-thread-1] DEBUG tourGuide.service.RewardsService - Begin Tracker. #3.1.1 Tracking USER internalUser65 latitutde 83.604959 longitude 29.864581
10:16:37.854 [Test worker] DEBUG tourGuide.service.RewardsService - Begin Tracker. #3.1.2 Tracking USER internalUser64
10:16:37.854 [Test worker] DEBUG tourGuide.service.RewardsService - Begin Tracker. #3.1.1 Tracking USER internalUser64 latitutde 44.648472057800774 longitude 13.583103606207317
10:16:37.854 [pool-2-thread-1] DEBUG tourGuide.service.RewardsService - Begin Tracker. #3.1.2 Tracking USER internalUser65
10:16:37.854 [pool-2-thread-1] DEBUG tourGuide.service.RewardsService - Begin Tracker. #3.2 Tracking USER internalUser65
10:16:37.854 [pool-2-thread-1] DEBUG tourGuide.service.TourGuideService - Begin Tracker. #4 Tracking USER internalUser65
10:16:37.854 [Test worker] DEBUG tourGuide.service.RewardsService - Begin Tracker. #3.1.2 Tracking USER internalUser64
10:16:37.854 [Test worker] DEBUG tourGuide.service.RewardsService - Begin Tracker. #3.1.1 Tracking USER internalUser64 latitutde -11.075467037969446 longitude 2.850431546760973
10:16:37.854 [Test worker] DEBUG tourGuide.service.RewardsService - Begin Tracker. #3.1.2 Tracking USER internalUser64
10:16:37.854 [Test worker] DEBUG tourGuide.service.RewardsService - Begin Tracker. #3.1.1 Tracking USER internalUser64 latitutde 33.817595 longitude -117.922008
10:16:37.916 [pool-2-thread-1] DEBUG tourGuide.service.TourGuideService - Begin Tracker. #1 Tracking USER internalUser64
10:16:37.990 [Test worker] DEBUG tourGuide.service.RewardsService - Begin Tracker. #3.1.2 Tracking USER internalUser64
10:16:37.990 [Test worker] DEBUG tourGuide.service.RewardsService - Begin Tracker. #3.2 Tracking USER internalUser64
10:16:37.990 [pool-2-thread-1] DEBUG tourGuide.service.TourGuideService - Begin Tracker. #2 Tracking USER internalUser64 latitutde 82.613689 longitude 144.43282
10:16:38.012 [pool-2-thread-1] DEBUG tourGuide.service.RewardsService - Begin Tracker. #3.1.0 Tracking USER internalUser64
10:16:38.012 [pool-2-thread-1] DEBUG tourGuide.service.RewardsService - Begin Tracker. #3.1.1 Tracking USER internalUser64 latitutde -61.29857042816435 longitude -70.11005059424787
10:16:38.012 [Test worker] DEBUG tourGuide.service.RewardsService - Begin Tracker. #3.1.0 Tracking USER internalUser61
10:16:38.012 [pool-2-thread-1] DEBUG tourGuide.service.RewardsService - Begin Tracker. #3.1.2 Tracking USER internalUser64
10:16:38.012 [Test worker] DEBUG tourGuide.service.RewardsService - Begin Tracker. #3.1.1 Tracking USER internalUser61 latitutde 60.547374959384626 longitude 39.943645986310486
10:16:38.012 [Test worker] DEBUG tourGuide.service.RewardsService - Begin Tracker. #3.1.2 Tracking USER internalUser61
10:16:38.012 [Test worker] DEBUG tourGuide.service.RewardsService - Begin Tracker. #3.1.1 Tracking USER internalUser61 latitutde -1.5304816813317643 longitude -42.22755686520955
10:16:38.012 [pool-2-thread-1] DEBUG tourGuide.service.RewardsService - Begin Tracker. #3.1.1 Tracking USER internalUser64 latitutde 44.648472057800774 longitude 13.583103606207317
10:16:38.012 [pool-2-thread-1] DEBUG tourGuide.service.RewardsService - Begin Tracker. #3.1.2 Tracking USER internalUser64
10:16:38.012 [pool-2-thread-1] DEBUG tourGuide.service.RewardsService - Begin Tracker. #3.1.1 Tracking USER internalUser64 latitutde -11.075467037969446 longitude 2.850431546760973
10:16:38.012 [pool-2-thread-1] DEBUG tourGuide.service.RewardsService - Begin Tracker. #3.1.2 Tracking USER internalUser64
10:16:38.012 [pool-2-thread-1] DEBUG tourGuide.service.RewardsService - Begin Tracker. #3.1.1 Tracking USER internalUser64 latitutde 33.817595 longitude -117.922008
10:16:38.012 [pool-2-thread-1] DEBUG tourGuide.service.RewardsService - Begin Tracker. #3.1.2 Tracking USER internalUser64
10:16:38.012 [pool-2-thread-1] DEBUG tourGuide.service.RewardsService - Begin Tracker. #3.1.1 Tracking USER internalUser64 latitutde 82.613689 longitude 144.43282
10:16:38.012 [pool-2-thread-1] DEBUG tourGuide.service.RewardsService - Begin Tracker. #3.1.2 Tracking USER internalUser64
10:16:38.012 [pool-2-thread-1] DEBUG tourGuide.service.RewardsService - Begin Tracker. #3.2 Tracking USER internalUser64
10:16:38.012 [pool-2-thread-1] DEBUG tourGuide.service.TourGuideService - Begin Tracker. #4 Tracking USER internalUser64
10:16:38.012 [Test worker] DEBUG tourGuide.service.RewardsService - Begin Tracker. #3.1.2 Tracking USER internalUser61
10:16:38.013 [Test worker] DEBUG tourGuide.service.RewardsService - Begin Tracker. #3.1.1 Tracking USER internalUser61 latitutde 48.709316889727944 longitude 29.058216174592417
10:16:38.013 [Test worker] DEBUG tourGuide.service.RewardsService - Begin Tracker. #3.1.2 Tracking USER internalUser61
10:16:38.013 [Test worker] DEBUG tourGuide.service.RewardsService - Begin Tracker. #3.1.1 Tracking USER internalUser61 latitutde 33.817595 longitude -117.922008
10:16:38.080 [pool-2-thread-1] DEBUG tourGuide.service.TourGuideService - Begin Tracker. #1 Tracking USER internalUser61
10:16:38.935 [Test worker] DEBUG tourGuide.service.RewardsService - Begin Tracker. #3.1.2 Tracking USER internalUser61
10:16:38.935 [Test worker] DEBUG tourGuide.service.RewardsService - Begin Tracker. #3.2 Tracking USER internalUser61
10:16:38.935 [pool-2-thread-1] DEBUG tourGuide.service.TourGuideService - Begin Tracker. #2 Tracking USER internalUser61 latitutde -64.762331 longitude 100.884571
10:16:38.951 [pool-2-thread-1] DEBUG tourGuide.service.RewardsService - Begin Tracker. #3.1.0 Tracking USER internalUser61
10:16:38.951 [pool-2-thread-1] DEBUG tourGuide.service.RewardsService - Begin Tracker. #3.1.1 Tracking USER internalUser61 latitutde 60.547374959384626 longitude 39.943645986310486
10:16:38.951 [pool-2-thread-1] DEBUG tourGuide.service.RewardsService - Begin Tracker. #3.1.2 Tracking USER internalUser61
10:16:38.951 [pool-2-thread-1] DEBUG tourGuide.service.RewardsService - Begin Tracker. #3.1.1 Tracking USER internalUser61 latitutde -1.5304816813317643 longitude -42.22755686520955
10:16:38.951 [pool-2-thread-1] DEBUG tourGuide.service.RewardsService - Begin Tracker. #3.1.2 Tracking USER internalUser61
10:16:38.951 [pool-2-thread-1] DEBUG tourGuide.service.RewardsService - Begin Tracker. #3.1.1 Tracking USER internalUser61 latitutde 48.709316889727944 longitude 29.058216174592417
10:16:38.951 [pool-2-thread-1] DEBUG tourGuide.service.RewardsService - Begin Tracker. #3.1.2 Tracking USER internalUser61
10:16:38.951 [pool-2-thread-1] DEBUG tourGuide.service.RewardsService - Begin Tracker. #3.1.1 Tracking USER internalUser61 latitutde 33.817595 longitude -117.922008
10:16:38.951 [pool-2-thread-1] DEBUG tourGuide.service.RewardsService - Begin Tracker. #3.1.2 Tracking USER internalUser61
10:16:38.951 [Test worker] DEBUG tourGuide.service.RewardsService - Begin Tracker. #3.1.0 Tracking USER internalUser60
10:16:38.951 [pool-2-thread-1] DEBUG tourGuide.service.RewardsService - Begin Tracker. #3.1.1 Tracking USER internalUser61 latitutde -64.762331 longitude 100.884571
10:16:38.951 [pool-2-thread-1] DEBUG tourGuide.service.RewardsService - Begin Tracker. #3.1.2 Tracking USER internalUser61
10:16:38.951 [pool-2-thread-1] DEBUG tourGuide.service.RewardsService - Begin Tracker. #3.2 Tracking USER internalUser61
10:16:38.951 [pool-2-thread-1] DEBUG tourGuide.service.TourGuideService - Begin Tracker. #4 Tracking USER internalUser61
10:16:38.951 [Test worker] DEBUG tourGuide.service.RewardsService - Begin Tracker. #3.1.1 Tracking USER internalUser60 latitutde -46.08700211887444 longitude 152.86449059911757
10:16:38.951 [Test worker] DEBUG tourGuide.service.RewardsService - Begin Tracker. #3.1.2 Tracking USER internalUser60
10:16:38.951 [Test worker] DEBUG tourGuide.service.RewardsService - Begin Tracker. #3.1.1 Tracking USER internalUser60 latitutde 26.308826717007207 longitude -56.056968655434076
10:16:38.951 [Test worker] DEBUG tourGuide.service.RewardsService - Begin Tracker. #3.1.2 Tracking USER internalUser60
10:16:38.951 [Test worker] DEBUG tourGuide.service.RewardsService - Begin Tracker. #3.1.1 Tracking USER internalUser60 latitutde 2.5157976066333276 longitude 41.60889020184064
10:16:38.951 [Test worker] DEBUG tourGuide.service.RewardsService - Begin Tracker. #3.1.2 Tracking USER internalUser60
10:16:38.951 [Test worker] DEBUG tourGuide.service.RewardsService - Begin Tracker. #3.1.1 Tracking USER internalUser60 latitutde 33.817595 longitude -117.922008
10:16:39.003 [pool-2-thread-1] DEBUG tourGuide.service.TourGuideService - Begin Tracker. #1 Tracking USER internalUser60
10:16:39.923 [Test worker] DEBUG tourGuide.service.RewardsService - Begin Tracker. #3.1.2 Tracking USER internalUser60
10:16:39.923 [Test worker] DEBUG tourGuide.service.RewardsService - Begin Tracker. #3.2 Tracking USER internalUser60
10:16:39.923 [pool-2-thread-1] DEBUG tourGuide.service.TourGuideService - Begin Tracker. #2 Tracking USER internalUser60 latitutde -77.208307 longitude 143.447427
10:16:39.923 [Test worker] DEBUG tourGuide.tracker.Tracker - Tracker stopping (0)
10:16:39.923 [pool-2-thread-1] DEBUG tourGuide.service.RewardsService - Begin Tracker. #3.1.0 Tracking USER internalUser60
10:16:39.923 [pool-2-thread-1] DEBUG tourGuide.service.RewardsService - Begin Tracker. #3.1.1 Tracking USER internalUser60 latitutde -46.08700211887444 longitude 152.86449059911757
10:16:39.923 [pool-2-thread-1] DEBUG tourGuide.service.RewardsService - Begin Tracker. #3.1.2 Tracking USER internalUser60
10:16:39.923 [pool-2-thread-1] DEBUG tourGuide.service.RewardsService - Begin Tracker. #3.1.1 Tracking USER internalUser60 latitutde 26.308826717007207 longitude -56.056968655434076
10:16:39.923 [pool-2-thread-1] DEBUG tourGuide.service.RewardsService - Begin Tracker. #3.1.2 Tracking USER internalUser60
10:16:39.923 [pool-2-thread-1] DEBUG tourGuide.service.RewardsService - Begin Tracker. #3.1.1 Tracking USER internalUser60 latitutde 2.5157976066333276 longitude 41.60889020184064
10:16:39.923 [pool-2-thread-1] DEBUG tourGuide.service.RewardsService - Begin Tracker. #3.1.2 Tracking USER internalUser60
10:16:39.923 [pool-2-thread-1] DEBUG tourGuide.service.RewardsService - Begin Tracker. #3.1.1 Tracking USER internalUser60 latitutde 33.817595 longitude -117.922008
10:16:39.923 [pool-2-thread-1] DEBUG tourGuide.service.RewardsService - Begin Tracker. #3.1.2 Tracking USER internalUser60
10:16:39.923 [pool-2-thread-1] DEBUG tourGuide.service.RewardsService - Begin Tracker. #3.1.1 Tracking USER internalUser60 latitutde -77.208307 longitude 143.447427
10:16:39.923 [pool-2-thread-1] DEBUG tourGuide.service.RewardsService - Begin Tracker. #3.1.2 Tracking USER internalUser60
10:16:39.923 [pool-2-thread-1] DEBUG tourGuide.service.RewardsService - Begin Tracker. #3.2 Tracking USER internalUser60
10:16:39.923 [pool-2-thread-1] DEBUG tourGuide.service.TourGuideService - Begin Tracker. #4 Tracking USER internalUser60
10:16:39.923 [pool-2-thread-1] DEBUG tourGuide.tracker.Tracker - Tracker Time Elapsed: 50 seconds.
10:16:39.923 [pool-2-thread-1] DEBUG tourGuide.tracker.Tracker - Tracker sleeping
highVolumeGetRewards: Time Elapsed: 50 seconds.
]]></system-out>
  <system-err><![CDATA[juil. 13, 2022 10:15:41 AM org.javamoney.moneta.DefaultMonetaryContextFactory createMonetaryContextNonNullConfig
INFOS: Using custom MathContext: precision=256, roundingMode=HALF_EVEN
]]></system-err>
</testsuite>
